"D:/Programmierung/Unreal/CardboardVR/MegaBall/MegaBall.uproject" 1
"../../../Engine/Plugins/2D/Paper2D/Paper2D.uplugin" 2
"../../../Engine/Plugins/Developer/BlankPlugin/BlankPlugin.uplugin" 3
"../../../Engine/Plugins/Developer/GitSourceControl/GitSourceControl.uplugin" 4
"../../../Engine/Plugins/Developer/KDevelopSourceCodeAccess/KDevelopSourceCodeAccess.uplugin" 5
"../../../Engine/Plugins/Developer/PerforceSourceControl/PerforceSourceControl.uplugin" 6
"../../../Engine/Plugins/Developer/SubversionSourceControl/SubversionSourceControl.uplugin" 7
"../../../Engine/Plugins/Developer/UObjectPlugin/UObjectPlugin.uplugin" 8
"../../../Engine/Plugins/Developer/VisualStudioSourceCodeAccess/VisualStudioSourceCodeAccess.uplugin" 9
"../../../Engine/Plugins/Developer/XCodeSourceCodeAccess/XCodeSourceCodeAccess.uplugin" 10
"../../../Engine/Plugins/Editor/EpicSurvey/EpicSurvey.uplugin" 11
"../../../Engine/Plugins/Editor/MacGraphicsSwitching/MacGraphicsSwitching.uplugin" 12
"../../../Engine/Plugins/Editor/PluginsEditor/PluginsEditor.uplugin" 13
"../../../Engine/Plugins/Editor/SpeedTreeImporter/SpeedTreeImporter.uplugin" 14
"../../../Engine/Plugins/Experimental/BlueprintStats/BlueprintStats.uplugin" 15
"../../../Engine/Plugins/Experimental/CharacterAI/CharacterAI.uplugin" 16
"../../../Engine/Plugins/Experimental/CodeView/CodeView.uplugin" 17
"../../../Engine/Plugins/Experimental/LiveEditor/LiveEditor.uplugin" 18
"../../../Engine/Plugins/Experimental/Phya/Phya.uplugin" 19
"../../../Engine/Plugins/Experimental/SimpleHMD/SimpleHMD.uplugin" 20
"../../../Engine/Plugins/Experimental/SteamVR/SteamVR.uplugin" 21
"../../../Engine/Plugins/Media/AndroidMedia/AndroidMedia.uplugin" 22
"../../../Engine/Plugins/Media/AvfMedia/AvfMedia.uplugin" 23
"../../../Engine/Plugins/Media/MediaPlayerEditor/MediaPlayerEditor.uplugin" 24
"../../../Engine/Plugins/Media/WmfMedia/WmfMedia.uplugin" 25
"../../../Engine/Plugins/Messaging/MessagingDebugger/MessagingDebugger.uplugin" 26
"../../../Engine/Plugins/Messaging/ShmMessaging/ShmMessaging.uplugin" 27
"../../../Engine/Plugins/Messaging/UdpMessaging/UdpMessaging.uplugin" 28
"../../../Engine/Plugins/Runtime/Advertising/IOSTapJoy/IOSTapJoy.uplugin" 29
"../../../Engine/Plugins/Runtime/Analytics/AnalyticsBlueprintLibrary/AnalyticsBlueprintLibrary.uplugin" 30
"../../../Engine/Plugins/Runtime/Analytics/Apsalar/IOSApsalar/IOSApsalar.uplugin" 31
"../../../Engine/Plugins/Runtime/Analytics/FileLogging/FileLogging.uplugin" 32
"../../../Engine/Plugins/Runtime/AndroidDeviceProfileSelector/AndroidDeviceProfileSelector.uplugin" 33
"../../../Engine/Plugins/Runtime/AndroidMoviePlayer/AndroidMoviePlayer.uplugin" 34
"../../../Engine/Plugins/Runtime/AppleMoviePlayer/AppleMoviePlayer.uplugin" 35
"../../../Engine/Plugins/Runtime/CableComponent/CableComponent.uplugin" 36
"../../../Engine/Plugins/Runtime/CustomMeshComponent/CustomMeshComponent.uplugin" 37
"../../../Engine/Plugins/Runtime/ExampleDeviceProfileSelector/ExampleDeviceProfileSelector.uplugin" 38
"../../../Engine/Plugins/Runtime/GearVR/GearVR.uplugin" 39
"../../../Engine/Plugins/Runtime/IOSDeviceProfileSelector/IOSDeviceProfileSelector.uplugin" 40
"../../../Engine/Plugins/Runtime/LiveEditorListenServer/LiveEditorListenServer.uplugin" 41
"../../../Engine/Plugins/Runtime/OculusRift/OculusRift.uplugin" 42
"../../../Engine/Plugins/Runtime/SoundMod/SoundMod.uplugin" 43
"../../../Engine/Plugins/Runtime/SoundVisualizations/SoundVisualizations.uplugin" 44
"../../../Engine/Plugins/Runtime/TwitchLiveStreaming/TwitchLiveStreaming.uplugin" 45
"../../../Engine/Plugins/Runtime/WindowsDeviceProfileSelector/WindowsDeviceProfileSelector.uplugin" 46
"../../../Engine/Plugins/Runtime/WindowsMoviePlayer/WindowsMoviePlayer.uplugin" 47
"../../../Engine/Plugins/ScriptGeneratorPlugin/ScriptGeneratorPlugin.uplugin" 48
"../../../Engine/Plugins/ScriptPlugin/ScriptPlugin.uplugin" 49
"../../../Engine/Plugins/Slate/SlateRemote/SlateRemote.uplugin" 50
"..\..\..\Engine\Content\Internationalization\icudt53l\cnvalias.icu" 51
"..\..\..\Engine\Content\Internationalization\icudt53l\en_US_POSIX.res" 52
"..\..\..\Engine\Content\Internationalization\icudt53l\pool.res" 53
"..\..\..\Engine\Content\Internationalization\icudt53l\en_US.res" 54
"..\..\..\Engine\Content\Internationalization\icudt53l\en.res" 55
"..\..\..\Engine\Content\Internationalization\icudt53l\root.res" 56
"..\..\..\Engine\Content\Internationalization\icudt53l\coll\ucadata.icu" 57
"..\..\..\Engine\Content\Internationalization\icudt53l\nfc.nrm" 58
"..\..\..\Engine\Content\Internationalization\icudt53l\coll\en_US_POSIX.res" 59
"..\..\..\Engine\Content\Internationalization\icudt53l\coll\en_US.res" 60
"..\..\..\Engine\Content\Internationalization\icudt53l\coll\en.res" 61
"..\..\..\Engine\Content\Internationalization\icudt53l\coll\root.res" 62
"..\..\..\Engine\Content\Internationalization\icudt53l\numberingSystems.res" 63
"..\..\..\Engine\Content\Internationalization\icudt53l\curr\supplementalData.res" 64
"..\..\..\Engine\Content\Internationalization\icudt53l\curr\pool.res" 65
"..\..\..\Engine\Content\Internationalization\icudt53l\curr\en.res" 66
"..\..\..\Engine\Content\Internationalization\icudt53l\curr\root.res" 67
"..\..\..\Engine\Content\Internationalization\icudt53l\de_DE.res" 68
"..\..\..\Engine\Content\Internationalization\icudt53l\de.res" 69
"..\..\..\Engine\Content\Internationalization\icudt53l\plurals.res" 70
"..\..\..\Engine\Content\Internationalization\icudt53l\windowsZones.res" 71
"..\..\..\Engine\Content\Internationalization\icudt53l\zoneinfo64.res" 72
"..\..\..\Engine\Content\Internationalization\icudt53l\keyTypeData.res" 73
"..\..\..\Engine\Content\Internationalization\icudt53l\timezoneTypes.res" 74
"..\..\..\Engine\Content\Internationalization\icudt53l\supplementalData.res" 75
"..\..\..\Engine\Content\Internationalization\icudt53l\likelySubtags.res" 76
"..\..\..\Engine\Content\Internationalization\icudt53l\coll\de.res" 77
"..\..\..\Engine\Content\Internationalization\icudt53l\curr\de.res" 78
"../../../Engine/Config/Base.ini" 79
"../../../Engine/Config/BaseEngine.ini" 80
"D:/Programmierung/Unreal/CardboardVR/MegaBall/Config/DefaultEngine.ini" 81
"../../../Engine/Config/Windows/WindowsEngine.ini" 82
"C:/Users/makloster/AppData/Local/Unreal Engine/Engine/Config/UserEngine.ini" 83
"D:/Programmierung/Unreal/CardboardVR/MegaBall/Saved/Config/Windows/Engine.ini" 84
"D:/Programmierung/Unreal/CardboardVR/MegaBall/Intermediate/Config/CoalescedSourceConfigs/Engine.ini" 85
"../../../Engine/Config/BaseGame.ini" 86
"D:/Programmierung/Unreal/CardboardVR/MegaBall/Saved/Config/Windows/Game.ini" 87
"D:/Programmierung/Unreal/CardboardVR/MegaBall/Intermediate/Config/CoalescedSourceConfigs/Game.ini" 88
"../../../Engine/Config/BaseInput.ini" 89
"D:/Programmierung/Unreal/CardboardVR/MegaBall/Config/DefaultInput.ini" 90
"D:/Programmierung/Unreal/CardboardVR/MegaBall/Saved/Config/Windows/Input.ini" 91
"D:/Programmierung/Unreal/CardboardVR/MegaBall/Intermediate/Config/CoalescedSourceConfigs/Input.ini" 92
"../../../Engine/Config/BaseEditor.ini" 93
"D:/Programmierung/Unreal/CardboardVR/MegaBall/Config/DefaultEditor.ini" 94
"D:/Programmierung/Unreal/CardboardVR/MegaBall/Saved/Config/Windows/Editor.ini" 95
"D:/Programmierung/Unreal/CardboardVR/MegaBall/Intermediate/Config/CoalescedSourceConfigs/Editor.ini" 96
"../../../Engine/Config/BaseEditorLayout.ini" 97
"D:/Programmierung/Unreal/CardboardVR/MegaBall/Saved/Config/Windows/EditorLayout.ini" 98
"D:/Programmierung/Unreal/CardboardVR/MegaBall/Intermediate/Config/CoalescedSourceConfigs/EditorLayout.ini" 99
"../../../Engine/Config/BaseEditorUserSettings.ini" 100
"D:/Programmierung/Unreal/CardboardVR/MegaBall/Saved/Config/Windows/EditorUserSettings.ini" 101
"D:/Programmierung/Unreal/CardboardVR/MegaBall/Intermediate/Config/CoalescedSourceConfigs/EditorUserSettings.ini" 102
"../../../Engine/Config/BaseEditorKeyBindings.ini" 103
"D:/Programmierung/Unreal/CardboardVR/MegaBall/Saved/Config/Windows/EditorKeyBindings.ini" 104
"D:/Programmierung/Unreal/CardboardVR/MegaBall/Intermediate/Config/CoalescedSourceConfigs/EditorKeyBindings.ini" 105
"../../../Engine/Config/BaseCompat.ini" 106
"D:/Programmierung/Unreal/CardboardVR/MegaBall/Saved/Config/Windows/Compat.ini" 107
"D:/Programmierung/Unreal/CardboardVR/MegaBall/Intermediate/Config/CoalescedSourceConfigs/Compat.ini" 108
"../../../Engine/Config/BaseLightmass.ini" 109
"D:/Programmierung/Unreal/CardboardVR/MegaBall/Saved/Config/Windows/Lightmass.ini" 110
"D:/Programmierung/Unreal/CardboardVR/MegaBall/Intermediate/Config/CoalescedSourceConfigs/Lightmass.ini" 111
"../../../Engine/Config/BaseScalability.ini" 112
"D:/Programmierung/Unreal/CardboardVR/MegaBall/Saved/Config/Windows/Scalability.ini" 113
"D:/Programmierung/Unreal/CardboardVR/MegaBall/Intermediate/Config/CoalescedSourceConfigs/Scalability.ini" 114
"D:/Programmierung/Unreal/CardboardVR/MegaBall/Saved/Config/Windows/GameUserSettings.ini" 115
"D:/Programmierung/Unreal/CardboardVR/MegaBall/Intermediate/Config/CoalescedSourceConfigs/GameUserSettings.ini" 116
"../../../Engine/Config/BaseDeviceProfiles.ini" 117
"D:/Programmierung/Unreal/CardboardVR/MegaBall/Saved/Config/Windows/DeviceProfiles.ini" 118
"D:/Programmierung/Unreal/CardboardVR/MegaBall/Intermediate/Config/CoalescedSourceConfigs/DeviceProfiles.ini" 119
"../../../Engine/Config/ConsoleVariables.ini" 120
"..\..\..\Engine\Content\Internationalization\icudt53l\es.res" 121
"..\..\..\Engine\Content\Internationalization\icudt53l\coll\es.res" 122
"..\..\..\Engine\Content\Internationalization\icudt53l\curr\es.res" 123
"..\..\..\Engine\Content\Internationalization\icudt53l\es_ES.res" 124
"..\..\..\Engine\Content\Internationalization\icudt53l\ja.res" 125
"..\..\..\Engine\Content\Internationalization\icudt53l\coll\ja.res" 126
"..\..\..\Engine\Content\Internationalization\icudt53l\curr\ja.res" 127
"..\..\..\Engine\Content\Internationalization\icudt53l\ja_JP.res" 128
"..\..\..\Engine\Content\Internationalization\icudt53l\ko.res" 129
"..\..\..\Engine\Content\Internationalization\icudt53l\coll\ko.res" 130
"..\..\..\Engine\Content\Internationalization\icudt53l\curr\ko.res" 131
"..\..\..\Engine\Content\Internationalization\icudt53l\ko_KR.res" 132
"..\..\..\Engine\Content\Internationalization\icudt53l\pt_BR.res" 133
"..\..\..\Engine\Content\Internationalization\icudt53l\pt.res" 134
"..\..\..\Engine\Content\Internationalization\icudt53l\coll\pt.res" 135
"..\..\..\Engine\Content\Internationalization\icudt53l\curr\pt.res" 136
"..\..\..\Engine\Content\Internationalization\icudt53l\zh_CN.res" 137
"..\..\..\Engine\Content\Internationalization\icudt53l\zh_Hans_CN.res" 138
"..\..\..\Engine\Content\Internationalization\icudt53l\zh_Hans.res" 139
"..\..\..\Engine\Content\Internationalization\icudt53l\zh.res" 140
"..\..\..\Engine\Content\Internationalization\icudt53l\coll\zh_CN.res" 141
"..\..\..\Engine\Content\Internationalization\icudt53l\coll\zh_Hans_CN.res" 142
"..\..\..\Engine\Content\Internationalization\icudt53l\coll\zh_Hans.res" 143
"..\..\..\Engine\Content\Internationalization\icudt53l\coll\zh.res" 144
"..\..\..\Engine\Content\Internationalization\icudt53l\curr\zh_CN.res" 145
"..\..\..\Engine\Content\Internationalization\icudt53l\curr\zh_Hans_CN.res" 146
"..\..\..\Engine\Content\Internationalization\icudt53l\curr\zh_Hans.res" 147
"..\..\..\Engine\Content\Internationalization\icudt53l\curr\zh.res" 148
"C:/Program Files/Epic Games/4.7/Engine/Content/Localization/Engine/en/Engine.locres" 149
"C:/Program Files/Epic Games/4.7/Engine/Content/Localization/Editor/en/Editor.locres" 150
"C:/Program Files/Epic Games/4.7/Engine/Content/Localization/EditorTutorials/en/EditorTutorials.locres" 151
"../../../Engine/Content/Slate/Fonts/Roboto-Regular.ttf" 152
"../../../Engine/Content/Slate/Fonts/DroidSansMono.ttf" 153
"../../../Engine/Content/Slate/Fonts/Roboto-Bold.ttf" 154
"../../../Engine/Content/Slate/Fonts/Roboto-Light.ttf" 155
"C:/Program Files/Epic Games/4.7/Engine/Binaries/Win64/../../../Engine/Shaders/ParticleSpriteVertexFactory.usf" 156
"C:/Program Files/Epic Games/4.7/Engine/Binaries/Win64/../../../Engine/Shaders/VertexFactoryCommon.usf" 157
"C:/Program Files/Epic Games/4.7/Engine/Binaries/Win64/../../../Engine/Shaders/Common.usf" 158
"C:/Program Files/Epic Games/4.7/Engine/Binaries/Win64/../../../Engine/Shaders/MetalCommon.usf" 159
"C:/Program Files/Epic Games/4.7/Engine/Binaries/Win64/../../../Engine/Shaders/ShaderVersion.usf" 160
"C:/Program Files/Epic Games/4.7/Engine/Binaries/Win64/../../../Engine/Shaders/Definitions.usf" 161
"C:/Program Files/Epic Games/4.7/Engine/Binaries/Win64/../../../Engine/Shaders/Random.usf" 162
"C:/Program Files/Epic Games/4.7/Engine/Binaries/Win64/../../../Engine/Shaders/ParticleVertexFactoryCommon.usf" 163
"C:/Program Files/Epic Games/4.7/Engine/Binaries/Win64/../../../Engine/Shaders/ParticleGPUSpriteVertexFactory.usf" 164
"C:/Program Files/Epic Games/4.7/Engine/Binaries/Win64/../../../Engine/Shaders/ParticleBeamTrailVertexFactory.usf" 165
"C:/Program Files/Epic Games/4.7/Engine/Binaries/Win64/../../../Engine/Shaders/VectorFieldVisualizationVertexFactory.usf" 166
"C:/Program Files/Epic Games/4.7/Engine/Binaries/Win64/../../../Engine/Shaders/LocalVertexFactory.usf" 167
"C:/Program Files/Epic Games/4.7/Engine/Binaries/Win64/../../../Engine/Shaders/LocalVertexFactoryCommon.usf" 168
"C:/Program Files/Epic Games/4.7/Engine/Binaries/Win64/../../../Engine/Shaders/MeshParticleVertexFactory.usf" 169
"C:/Program Files/Epic Games/4.7/Engine/Binaries/Win64/../../../Engine/Shaders/GpuSkinVertexFactory.usf" 170
"C:/Program Files/Epic Games/4.7/Engine/Binaries/Win64/../../../Engine/Shaders/GpuSkinCacheCommon.usf" 171
"C:/Program Files/Epic Games/4.7/Engine/Binaries/Win64/../../../Engine/Shaders/LandscapeVertexFactory.usf" 172
"C:/Program Files/Epic Games/4.7/Engine/Binaries/Win64/../../../Engine/Shaders/SlateElementPixelShader.usf" 173
"C:/Program Files/Epic Games/4.7/Engine/Binaries/Win64/../../../Engine/Shaders/MaterialTemplate.usf" 174
"C:/Program Files/Epic Games/4.7/Engine/Binaries/Win64/../../../Engine/Shaders/DepthOfFieldCommon.usf" 175
"C:/Program Files/Epic Games/4.7/Engine/Binaries/Win64/../../../Engine/Shaders/SpeedTreeCommon.usf" 176
"C:/Program Files/Epic Games/4.7/Engine/Binaries/Win64/../../../Engine/Shaders/AtmosphereCommon.usf" 177
"C:/Program Files/Epic Games/4.7/Engine/Binaries/Win64/../../../Engine/Shaders/PostProcessCommon.usf" 178
"C:/Program Files/Epic Games/4.7/Engine/Binaries/Win64/../../../Engine/Shaders/DeferredShadingCommon.usf" 179
"C:/Program Files/Epic Games/4.7/Engine/Binaries/Win64/../../../Engine/Shaders/LightAccumulator.usf" 180
"C:/Program Files/Epic Games/4.7/Engine/Binaries/Win64/../../../Engine/Shaders/SlateVertexShader.usf" 181
"C:/Program Files/Epic Games/4.7/Engine/Binaries/Win64/../../../Engine/Shaders/OneColorShader.usf" 182
"C:/Program Files/Epic Games/4.7/Engine/Binaries/Win64/../../../Engine/Shaders/ResolveVertexShader.usf" 183
"C:/Program Files/Epic Games/4.7/Engine/Binaries/Win64/../../../Engine/Shaders/ResolvePixelShader.usf" 184
"C:/Program Files/Epic Games/4.7/Engine/Binaries/Win64/../../../Engine/Shaders/VisualizeTexture.usf" 185
"C:/Program Files/Epic Games/4.7/Engine/Binaries/Win64/../../../Engine/Shaders/ScreenSpaceReflections.usf" 186
"C:/Program Files/Epic Games/4.7/Engine/Binaries/Win64/../../../Engine/Shaders/BRDF.usf" 187
"C:/Program Files/Epic Games/4.7/Engine/Binaries/Win64/../../../Engine/Shaders/MonteCarlo.usf" 188
"C:/Program Files/Epic Games/4.7/Engine/Binaries/Win64/../../../Engine/Shaders/FilterVertexShader.usf" 189
"C:/Program Files/Epic Games/4.7/Engine/Binaries/Win64/../../../Engine/Shaders/FilterPixelShader.usf" 190
"C:/Program Files/Epic Games/4.7/Engine/Binaries/Win64/../../../Engine/Shaders/PostProcessVisualizeHDR.usf" 191
"C:/Program Files/Epic Games/4.7/Engine/Binaries/Win64/../../../Engine/Shaders/PostProcessHistogramCommon.usf" 192
"C:/Program Files/Epic Games/4.7/Engine/Binaries/Win64/../../../Engine/Shaders/TonemapCommon.usf" 193
"C:/Program Files/Epic Games/4.7/Engine/Binaries/Win64/../../../Engine/Shaders/MiniFontCommon.usf" 194
"C:/Program Files/Epic Games/4.7/Engine/Binaries/Win64/../../../Engine/Shaders/PostProcessVisualizeBuffer.usf" 195
"C:/Program Files/Epic Games/4.7/Engine/Binaries/Win64/../../../Engine/Shaders/PostProcessUpscale.usf" 196
"C:/Program Files/Epic Games/4.7/Engine/Binaries/Win64/../../../Engine/Shaders/PostProcessTonemap.usf" 197
"C:/Program Files/Epic Games/4.7/Engine/Binaries/Win64/../../../Engine/Shaders/PostProcessTestImage.usf" 198
"C:/Program Files/Epic Games/4.7/Engine/Binaries/Win64/../../../Engine/Shaders/PostProcessTemporalAA.usf" 199
"C:/Program Files/Epic Games/4.7/Engine/Binaries/Win64/../../../Engine/Shaders/PostProcessTemporalCommon.usf" 200
"C:/Program Files/Epic Games/4.7/Engine/Binaries/Win64/../../../Engine/Shaders/PostProcessSubsurface.usf" 201
"C:/Program Files/Epic Games/4.7/Engine/Binaries/Win64/../../../Engine/Shaders/SeparableSSS.usf" 202
"C:/Program Files/Epic Games/4.7/Engine/Binaries/Win64/../../../Engine/Shaders/PostProcessSelectionOutline.usf" 203
"C:/Program Files/Epic Games/4.7/Engine/Binaries/Win64/../../../Engine/Shaders/PostProcessSceneColorFringe.usf" 204
"C:/Program Files/Epic Games/4.7/Engine/Binaries/Win64/../../../Engine/Shaders/PostProcessNoiseBlur.usf" 205
"C:/Program Files/Epic Games/4.7/Engine/Binaries/Win64/../../../Engine/Shaders/PostProcessMotionBlur.usf" 206
"C:/Program Files/Epic Games/4.7/Engine/Binaries/Win64/../../../Engine/Shaders/PostProcessMobile.usf" 207
"C:/Program Files/Epic Games/4.7/Engine/Binaries/Win64/../../../Engine/Shaders/PostProcessMaterialShaders.usf" 208
"C:/Program Files/Epic Games/4.7/Engine/Binaries/Win64/../../../Engine/Shaders/PostProcessLensFlares.usf" 209
"C:/Program Files/Epic Games/4.7/Engine/Binaries/Win64/../../../Engine/Shaders/PostProcessLensBlur.usf" 210
"C:/Program Files/Epic Games/4.7/Engine/Binaries/Win64/../../../Engine/Shaders/PostProcessBloom.usf" 211
"C:/Program Files/Epic Games/4.7/Engine/Binaries/Win64/../../../Engine/Shaders/PostProcessHMD.usf" 212
"C:/Program Files/Epic Games/4.7/Engine/Binaries/Win64/../../../Engine/Shaders/PostProcessHistogramReduce.usf" 213
"C:/Program Files/Epic Games/4.7/Engine/Binaries/Win64/../../../Engine/Shaders/PostProcessHistogram.usf" 214
"C:/Program Files/Epic Games/4.7/Engine/Binaries/Win64/../../../Engine/Shaders/PostProcessGBufferHints.usf" 215
"C:/Program Files/Epic Games/4.7/Engine/Binaries/Win64/../../../Engine/Shaders/PostProcessEyeAdaptation.usf" 216
"C:/Program Files/Epic Games/4.7/Engine/Binaries/Win64/../../../Engine/Shaders/PostProcessDownsample.usf" 217
"C:/Program Files/Epic Games/4.7/Engine/Binaries/Win64/../../../Engine/Shaders/PostProcessDOF.usf" 218
"C:/Program Files/Epic Games/4.7/Engine/Binaries/Win64/../../../Engine/Shaders/PostProcessCompositeEditorPrimitives.usf" 219
"C:/Program Files/Epic Games/4.7/Engine/Binaries/Win64/../../../Engine/Shaders/PostProcessCombineLUTs.usf" 220
"C:/Program Files/Epic Games/4.7/Engine/Binaries/Win64/../../../Engine/Shaders/PostProcessBusyWait.usf" 221
"C:/Program Files/Epic Games/4.7/Engine/Binaries/Win64/../../../Engine/Shaders/PostProcessBokehDOF.usf" 222
"C:/Program Files/Epic Games/4.7/Engine/Binaries/Win64/../../../Engine/Shaders/FXAAShader.usf" 223
"C:/Program Files/Epic Games/4.7/Engine/Binaries/Win64/../../../Engine/Shaders/Fxaa3_11.usf" 224
"C:/Program Files/Epic Games/4.7/Engine/Binaries/Win64/../../../Engine/Shaders/PostProcessPassThrough.usf" 225
"C:/Program Files/Epic Games/4.7/Engine/Binaries/Win64/../../../Engine/Shaders/PostProcessLpvIndirect.usf" 226
"C:/Program Files/Epic Games/4.7/Engine/Binaries/Win64/../../../Engine/Shaders/DeferredLightingCommon.usf" 227
"C:/Program Files/Epic Games/4.7/Engine/Binaries/Win64/../../../Engine/Shaders/DynamicLightingCommon.usf" 228
"C:/Program Files/Epic Games/4.7/Engine/Binaries/Win64/../../../Engine/Shaders/IESLightProfilesCommon.usf" 229
"C:/Program Files/Epic Games/4.7/Engine/Binaries/Win64/../../../Engine/Shaders/LPVFinalPass.usf" 230
"C:/Program Files/Epic Games/4.7/Engine/Binaries/Win64/../../../Engine/Shaders/LPVCommon.usf" 231
"C:/Program Files/Epic Games/4.7/Engine/Binaries/Win64/../../../Engine/Shaders/DeferredDecal.usf" 232
"C:/Program Files/Epic Games/4.7/Engine/Binaries/Win64/../../../Engine/Shaders/PostProcessAmbientOcclusion.usf" 233
"C:/Program Files/Epic Games/4.7/Engine/Binaries/Win64/../../../Engine/Shaders/PostProcessAmbient.usf" 234
"C:/Program Files/Epic Games/4.7/Engine/Binaries/Win64/../../../Engine/Shaders/CubemapCommon.usf" 235
"C:/Program Files/Epic Games/4.7/Engine/Binaries/Win64/../../../Engine/Shaders/VelocityShader.usf" 236
"C:/Program Files/Epic Games/4.7/Engine/Binaries/Win64/../../../Engine/Shaders/Tessellation.usf" 237
"C:/Program Files/Epic Games/4.7/Engine/Binaries/Win64/../../../Engine/Shaders/FlatTessellation.usf" 238
"C:/Program Files/Epic Games/4.7/Engine/Binaries/Win64/../../../Engine/Shaders/PNTriangles.usf" 239
"C:/Program Files/Epic Games/4.7/Engine/Binaries/Win64/../../../Engine/Shaders/TranslucentLightingShaders.usf" 240
"C:/Program Files/Epic Games/4.7/Engine/Binaries/Win64/../../../Engine/Shaders/SHCommon.usf" 241
"C:/Program Files/Epic Games/4.7/Engine/Binaries/Win64/../../../Engine/Shaders/ShadowProjectionCommon.usf" 242
"C:/Program Files/Epic Games/4.7/Engine/Binaries/Win64/../../../Engine/Shaders/TranslucentLightInjectionShaders.usf" 243
"C:/Program Files/Epic Games/4.7/Engine/Binaries/Win64/../../../Engine/Shaders/LightFunctionCommon.usf" 244
"C:/Program Files/Epic Games/4.7/Engine/Binaries/Win64/../../../Engine/Shaders/TranslucentShadowDepthShaders.usf" 245
"C:/Program Files/Epic Games/4.7/Engine/Binaries/Win64/../../../Engine/Shaders/ShadowDepthCommon.usf" 246
"C:/Program Files/Epic Games/4.7/Engine/Binaries/Win64/../../../Engine/Shaders/TiledDeferredLightShaders.usf" 247
"C:/Program Files/Epic Games/4.7/Engine/Binaries/Win64/../../../Engine/Shaders/ShadowProjectionPixelShader.usf" 248
"C:/Program Files/Epic Games/4.7/Engine/Binaries/Win64/../../../Engine/Shaders/ShadowFilteringCommon.usf" 249
"C:/Program Files/Epic Games/4.7/Engine/Binaries/Win64/../../../Engine/Shaders/ShadowProjectionVertexShader.usf" 250
"C:/Program Files/Epic Games/4.7/Engine/Binaries/Win64/../../../Engine/Shaders/ShadowDepthPixelShader.usf" 251
"C:/Program Files/Epic Games/4.7/Engine/Binaries/Win64/../../../Engine/Shaders/LPVWriteVplCommon.usf" 252
"C:/Program Files/Epic Games/4.7/Engine/Binaries/Win64/../../../Engine/Shaders/LPVWriteCommon.usf" 253
"C:/Program Files/Epic Games/4.7/Engine/Binaries/Win64/../../../Engine/Shaders/ShadowDepthVertexShader.usf" 254
"C:/Program Files/Epic Games/4.7/Engine/Binaries/Win64/../../../Engine/Shaders/ShaderComplexityApplyPixelShader.usf" 255
"C:/Program Files/Epic Games/4.7/Engine/Binaries/Win64/../../../Engine/Shaders/ShaderComplexityApplyVertexShader.usf" 256
"C:/Program Files/Epic Games/4.7/Engine/Binaries/Win64/../../../Engine/Shaders/ShaderComplexityAccumulatePixelShader.usf" 257
"C:/Program Files/Epic Games/4.7/Engine/Binaries/Win64/../../../Engine/Shaders/HZBOcclusion.usf" 258
"C:/Program Files/Epic Games/4.7/Engine/Binaries/Win64/../../../Engine/Shaders/OcclusionQueryVertexShader.usf" 259
"C:/Program Files/Epic Games/4.7/Engine/Binaries/Win64/../../../Engine/Shaders/HitProxyPixelShader.usf" 260
"C:/Program Files/Epic Games/4.7/Engine/Binaries/Win64/../../../Engine/Shaders/HitProxyVertexShader.usf" 261
"C:/Program Files/Epic Games/4.7/Engine/Binaries/Win64/../../../Engine/Shaders/ReflectionEnvironmentShaders.usf" 262
"C:/Program Files/Epic Games/4.7/Engine/Binaries/Win64/../../../Engine/Shaders/ReflectionEnvironmentShared.usf" 263
"C:/Program Files/Epic Games/4.7/Engine/Binaries/Win64/../../../Engine/Shaders/SkyLightingShared.usf" 264
"C:/Program Files/Epic Games/4.7/Engine/Binaries/Win64/../../../Engine/Shaders/ReflectionEnvironmentComputeShaders.usf" 265
"C:/Program Files/Epic Games/4.7/Engine/Binaries/Win64/../../../Engine/Shaders/LightShaftShader.usf" 266
"C:/Program Files/Epic Games/4.7/Engine/Binaries/Win64/../../../Engine/Shaders/StationaryLightOverlapShaders.usf" 267
"C:/Program Files/Epic Games/4.7/Engine/Binaries/Win64/../../../Engine/Shaders/DeferredLightPixelShaders.usf" 268
"C:/Program Files/Epic Games/4.7/Engine/Binaries/Win64/../../../Engine/Shaders/DeferredLightVertexShaders.usf" 269
"C:/Program Files/Epic Games/4.7/Engine/Binaries/Win64/../../../Engine/Shaders/LPVVisualise.usf" 270
"C:/Program Files/Epic Games/4.7/Engine/Binaries/Win64/../../../Engine/Shaders/LPVGeometryVolumeCommon.usf" 271
"C:/Program Files/Epic Games/4.7/Engine/Binaries/Win64/../../../Engine/Shaders/LPVDirectLightInject.usf" 272
"C:/Program Files/Epic Games/4.7/Engine/Binaries/Win64/../../../Engine/Shaders/LPVPropagate.usf" 273
"C:/Program Files/Epic Games/4.7/Engine/Binaries/Win64/../../../Engine/Shaders/LPVBuildGeometryVolume.usf" 274
"C:/Program Files/Epic Games/4.7/Engine/Binaries/Win64/../../../Engine/Shaders/LPVInject_AccumulateVplLists.usf" 275
"C:/Program Files/Epic Games/4.7/Engine/Binaries/Win64/../../../Engine/Shaders/LPVInject_GenerateVplLists.usf" 276
"C:/Program Files/Epic Games/4.7/Engine/Binaries/Win64/../../../Engine/Shaders/LPVClearLists.usf" 277
"C:/Program Files/Epic Games/4.7/Engine/Binaries/Win64/../../../Engine/Shaders/LPVClear.usf" 278
"C:/Program Files/Epic Games/4.7/Engine/Binaries/Win64/../../../Engine/Shaders/LightMapDensityShader.usf" 279
"C:/Program Files/Epic Games/4.7/Engine/Binaries/Win64/../../../Engine/Shaders/LightFunctionPixelShader.usf" 280
"C:/Program Files/Epic Games/4.7/Engine/Binaries/Win64/../../../Engine/Shaders/LightFunctionVertexShader.usf" 281
"C:/Program Files/Epic Games/4.7/Engine/Binaries/Win64/../../../Engine/Shaders/HdrCustomResolveShaders.usf" 282
"C:/Program Files/Epic Games/4.7/Engine/Binaries/Win64/../../../Engine/Shaders/GPUBenchmark.usf" 283
"C:/Program Files/Epic Games/4.7/Engine/Binaries/Win64/../../../Engine/Shaders/GammaCorrection.usf" 284
"C:/Program Files/Epic Games/4.7/Engine/Binaries/Win64/../../../Engine/Shaders/BasePassForForwardShadingPixelShader.usf" 285
"C:/Program Files/Epic Games/4.7/Engine/Binaries/Win64/../../../Engine/Shaders/BasePassForForwardShadingCommon.usf" 286
"C:/Program Files/Epic Games/4.7/Engine/Binaries/Win64/../../../Engine/Shaders/LightmapCommon.usf" 287
"C:/Program Files/Epic Games/4.7/Engine/Binaries/Win64/../../../Engine/Shaders/BasePassForForwardShadingVertexShader.usf" 288
"C:/Program Files/Epic Games/4.7/Engine/Binaries/Win64/../../../Engine/Shaders/HeightFogCommon.usf" 289
"C:/Program Files/Epic Games/4.7/Engine/Binaries/Win64/../../../Engine/Shaders/HeightFogPixelShader.usf" 290
"C:/Program Files/Epic Games/4.7/Engine/Binaries/Win64/../../../Engine/Shaders/HeightFogVertexShader.usf" 291
"C:/Program Files/Epic Games/4.7/Engine/Binaries/Win64/../../../Engine/Shaders/DistortAccumulatePS.usf" 292
"C:/Program Files/Epic Games/4.7/Engine/Binaries/Win64/../../../Engine/Shaders/DistortAccumulateVS.usf" 293
"C:/Program Files/Epic Games/4.7/Engine/Binaries/Win64/../../../Engine/Shaders/DistortApplyScreenPS.usf" 294
"C:/Program Files/Epic Games/4.7/Engine/Binaries/Win64/../../../Engine/Shaders/DistanceFieldSurfaceCacheLighting.usf" 295
"C:/Program Files/Epic Games/4.7/Engine/Binaries/Win64/../../../Engine/Shaders/DistanceFieldLightingShared.usf" 296
"C:/Program Files/Epic Games/4.7/Engine/Binaries/Win64/../../../Engine/Shaders/DistanceFieldAOShared.usf" 297
"C:/Program Files/Epic Games/4.7/Engine/Binaries/Win64/../../../Engine/Shaders/SkyLighting.usf" 298
"C:/Program Files/Epic Games/4.7/Engine/Binaries/Win64/../../../Engine/Shaders/DistanceFieldSurfaceCacheLightingCompute.usf" 299
"C:/Program Files/Epic Games/4.7/Engine/Binaries/Win64/../../../Engine/Shaders/DistanceFieldShadowing.usf" 300
"C:/Program Files/Epic Games/4.7/Engine/Binaries/Win64/../../../Engine/Shaders/DepthOnlyPixelShader.usf" 301
"C:/Program Files/Epic Games/4.7/Engine/Binaries/Win64/../../../Engine/Shaders/DepthOnlyVertexShader.usf" 302
"C:/Program Files/Epic Games/4.7/Engine/Binaries/Win64/../../../Engine/Shaders/PositionOnlyDepthVertexShader.usf" 303
"C:/Program Files/Epic Games/4.7/Engine/Binaries/Win64/../../../Engine/Shaders/DownsampleDepthPixelShader.usf" 304
"C:/Program Files/Epic Games/4.7/Engine/Binaries/Win64/../../../Engine/Shaders/BasePassPixelShader.usf" 305
"C:/Program Files/Epic Games/4.7/Engine/Binaries/Win64/../../../Engine/Shaders/BasePassCommon.usf" 306
"C:/Program Files/Epic Games/4.7/Engine/Binaries/Win64/../../../Engine/Shaders/BasePassVertexShader.usf" 307
"C:/Program Files/Epic Games/4.7/Engine/Binaries/Win64/../../../Engine/Shaders/BasePassVertexCommon.usf" 308
"C:/Program Files/Epic Games/4.7/Engine/Binaries/Win64/../../../Engine/Shaders/BasePassTessellationShaders.usf" 309
"C:/Program Files/Epic Games/4.7/Engine/Binaries/Win64/../../../Engine/Shaders/AtmospherePrecompute.usf" 310
"C:/Program Files/Epic Games/4.7/Engine/Binaries/Win64/../../../Engine/Shaders/AtmospherePrecomputeCommon.usf" 311
"C:/Program Files/Epic Games/4.7/Engine/Binaries/Win64/../../../Engine/Shaders/AtmospherePrecomputeInscatter.usf" 312
"C:/Program Files/Epic Games/4.7/Engine/Binaries/Win64/../../../Engine/Shaders/AtmosphericFogShader.usf" 313
"C:/Program Files/Epic Games/4.7/Engine/Binaries/Win64/../../../Engine/Shaders/ParticleSortKeyGen.usf" 314
"C:/Program Files/Epic Games/4.7/Engine/Binaries/Win64/../../../Engine/Shaders/ParticleBoundsShader.usf" 315
"C:/Program Files/Epic Games/4.7/Engine/Binaries/Win64/../../../Engine/Shaders/ParticleSimVisualizeShader.usf" 316
"C:/Program Files/Epic Games/4.7/Engine/Binaries/Win64/../../../Engine/Shaders/ParticleInjectionShader.usf" 317
"C:/Program Files/Epic Games/4.7/Engine/Binaries/Win64/../../../Engine/Shaders/ParticleSimulationShader.usf" 318
"C:/Program Files/Epic Games/4.7/Engine/Binaries/Win64/../../../Engine/Shaders/ParticleCurveInjectionShader.usf" 319
"C:/Program Files/Epic Games/4.7/Engine/Binaries/Win64/../../../Engine/Shaders/VectorFieldCompositeShaders.usf" 320
"C:/Program Files/Epic Games/4.7/Engine/Binaries/Win64/../../../Engine/Shaders/UpdateTextureShaders.usf" 321
"C:/Program Files/Epic Games/4.7/Engine/Binaries/Win64/../../../Engine/Shaders/SimpleElementColorChannelMaskPixelShader.usf" 322
"C:/Program Files/Epic Games/4.7/Engine/Binaries/Win64/../../../Engine/Shaders/SimpleElementHitProxyPixelShader.usf" 323
"C:/Program Files/Epic Games/4.7/Engine/Binaries/Win64/../../../Engine/Shaders/SimpleElementPixelShader.usf" 324
"C:/Program Files/Epic Games/4.7/Engine/Binaries/Win64/../../../Engine/Shaders/ColorUtils.usf" 325
"C:/Program Files/Epic Games/4.7/Engine/Binaries/Win64/../../../Engine/Shaders/SimpleElementVertexShader.usf" 326
"C:/Program Files/Epic Games/4.7/Engine/Binaries/Win64/../../../Engine/Shaders/ScreenVertexShader.usf" 327
"C:/Program Files/Epic Games/4.7/Engine/Binaries/Win64/../../../Engine/Shaders/ScreenPixelShader.usf" 328
"C:/Program Files/Epic Games/4.7/Engine/Binaries/Win64/../../../Engine/Shaders/RadixSortShaders.usf" 329
"C:/Program Files/Epic Games/4.7/Engine/Binaries/Win64/../../../Engine/Shaders/GpuSkinCacheComputeShader.usf" 330
"C:/Program Files/Epic Games/4.7/Engine/Binaries/Win64/../../../Engine/Shaders/NullPixelShader.usf" 331
"C:/Program Files/Epic Games/4.7/Engine/Binaries/Win64/../../../Engine/Shaders/ClearReplacementShaders.usf" 332
"C:/Program Files/Epic Games/4.7/Engine/Binaries/Win64/../../../Engine/Shaders/SimpleElementTexture2DPreviewPixelShader.usf" 333
"C:/Program Files/Epic Games/4.7/Engine/Binaries/Win64/../../../Engine/Shaders/SimpleElementNormalMapPixelShader.usf" 334
"C:/Program Files/Epic Games/4.7/Engine/Binaries/Win64/../../../Engine/Shaders/meshpaintdilatepixelshader.usf" 335
"C:/Program Files/Epic Games/4.7/Engine/Binaries/Win64/../../../Engine/Shaders/meshpaintdilatevertexshader.usf" 336
"C:/Program Files/Epic Games/4.7/Engine/Binaries/Win64/../../../Engine/Shaders/MeshPaintPixelShader.usf" 337
"C:/Program Files/Epic Games/4.7/Engine/Binaries/Win64/../../../Engine/Shaders/MeshPaintVertexShader.usf" 338
"../../../Engine/Config/Android/AndroidEngine.ini" 339
"../../../Engine/Config/HTML5/HTML5Engine.ini" 340
"../../../Engine/Config/IOS/IOSEngine.ini" 341
"../../../Engine/Config/Linux/LinuxEngine.ini" 342
"C:/Users/makloster/AppData/Local/UnrealEngine/4.7/DerivedDataCache/Boot.ddc" 343
"../../../Engine/DerivedDataCache/Compressed.ddp" 344
"../../../Engine/Content/EngineFonts/Roboto.uasset" 345
"../../../Engine/Content/EngineMaterials/Widget3DPassThrough_Translucent.uasset" 346
"../../../Engine/Content/EngineMaterials/Widget3DPassThrough.uasset" 347
"../../../Engine/Content/EngineResources/WhiteSquareTexture.uasset" 348
"../../../Engine/Content/Functions/Engine_MaterialFunctions01/Shading/PowerToRoughness.uasset" 349
"../../../Engine/Content/Functions/Engine_MaterialFunctions01/Shading/ConvertFromDiffSpec.uasset" 350
"../../../Engine/Content/EngineMaterials/WorldGridMaterial.uasset" 351
"../../../Engine/Content/Functions/Engine_MaterialFunctions01/Opacity/CameraDepthFade.uasset" 352
"../../../Engine/Content/EngineMaterials/T_Default_Material_Grid_M.uasset" 353
"../../../Engine/Content/EngineMaterials/T_Default_Material_Grid_N.uasset" 354
"../../../Engine/Content/EngineMaterials/DefaultDeferredDecalMaterial.uasset" 355
"../../../Engine/Content/EngineMaterials/DefaultDiffuse.uasset" 356
"../../../Engine/Content/EngineMaterials/DefaultLightFunctionMaterial.uasset" 357
"../../../Engine/Content/EngineMaterials/DefaultPostProcessMaterial.uasset" 358
"../../../Engine/Content/Functions/Engine_MaterialFunctions02/Utility/BreakOutFloat2Components.uasset" 359
"../../../Engine/Content/EngineResources/DefaultTexture.uasset" 360
"../../../Engine/Content/EngineMaterials/Widget3DPassThrough_Translucent_OneSided.uasset" 361
"../../../Engine/Content/EngineMaterials/Widget3DPassThrough_Opaque.uasset" 362
"../../../Engine/Content/EngineMaterials/Widget3DPassThrough_Opaque_OneSided.uasset" 363
"../../../Engine/Content/EditorResources/S_Actor.uasset" 364
"../../../Engine/Content/EditorLandscapeResources/DataLayer.uasset" 365
"../../../Engine/Content/Maps/Templates/Thumbnails/Default.uasset" 366
"../../../Engine/Content/EditorMaterials/ParticleSystems/PSysThumbnail_NoImage.uasset" 367
"../../../Engine/Content/EditorMaterials/ParticleSystems/PSysThumbnail_OOD.uasset" 368
"../../../Engine/Content/EngineDamageTypes/DmgTypeBP_Environmental.uasset" 369
"../../../Engine/Content/EngineMeshes/Sphere.uasset" 370
"../../../Engine/Content/EngineFonts/RobotoDistanceField.uasset" 371
"../../../Engine/Content/EngineMaterials/DefaultTextMaterialOpaque.uasset" 372
"../../../Engine/Content/EditorResources/S_Trigger.uasset" 373
"../../../Engine/Content/EngineResources/GradientTexture0.uasset" 374
"../../../Engine/Content/EngineResources/Black.uasset" 375
"../../../Engine/Content/EditorMaterials/MatineeGroups/MAT_Groups_Float.uasset" 376
"../../../Engine/Content/EditorMaterials/MatineeGroups/MAT_Groups_Director.uasset" 377
"../../../Engine/Content/EditorMaterials/MatineeGroups/MAT_Groups_Event.uasset" 378
"../../../Engine/Content/EditorMaterials/MatineeGroups/MAT_Groups_Anim.uasset" 379
"../../../Engine/Content/EditorMaterials/MatineeGroups/MAT_Groups_Fade.uasset" 380
"../../../Engine/Content/EditorMaterials/MatineeGroups/MAT_Groups_Move.uasset" 381
"../../../Engine/Content/EditorMaterials/MatineeGroups/MAT_Groups_Slomo.uasset" 382
"../../../Engine/Content/EditorMaterials/MatineeGroups/MAT_ColorTrack.uasset" 383
"../../../Engine/Content/EditorMaterials/MAT_Groups_Toggle.uasset" 384
"../../../Engine/Content/EditorMaterials/MatineeGroups/MAT_Groups_AudioMaster.uasset" 385
"../../../Engine/Content/EditorMaterials/MatineeGroups/MAT_Groups_Sound.uasset" 386
"../../../Engine/Content/EditorMaterials/MatineeGroups/MAT_Groups_Vector.uasset" 387
"../../../Engine/Content/EditorMaterials/MAT_Groups_Visibility.uasset" 388
"../../../Engine/Content/EngineResources/DefaultTextureCube.uasset" 389
"../../../Engine/Content/EngineSounds/Master.uasset" 390
"../../../Engine/Content/EngineSounds/Music.uasset" 391
"../../../Engine/Content/EngineSounds/SFX.uasset" 392
"../../../Engine/Content/EngineSounds/Normal_Attack.uasset" 393
"../../../Engine/Content/EngineSounds/Special_Attack_PSM.uasset" 394
"../../../Engine/Content/EngineSounds/Duck_Normal_Attack_MixMod.uasset" 395
"../../../Engine/Content/EngineSounds/Voice.uasset" 396
"../../../Engine/Content/EngineMeshes/Cylinder.uasset" 397
"../../../Engine/Content/EngineMaterials/DefaultMaterial.uasset" 398
"../../../Engine/Content/EngineTireTypes/DefaultTireType.uasset" 399
"../../../Engine/Content/Editor/Slate/Fonts/FontAwesome.ttf" 400
"../../../Engine/Content/Editor/Slate/Fonts/DroidSansMono.ttf" 401
"../../../Engine/Content/Editor/Slate/Fonts/Roboto-BoldCondensed.ttf" 402
"../../../Engine/Content/Editor/Slate/Fonts/Roboto-Black.ttf" 403
"../../../Engine/Content/Editor/Slate/Fonts/Roboto-Italic.ttf" 404
"../../../Engine/Content/Editor/Slate/Fonts/Roboto-BoldCondensedItalic.ttf" 405
"../../../Engine/Plugins/2D/Paper2D/Content/MaskedUnlitSpriteMaterial.uasset" 406
"../../../Engine/Plugins/2D/Paper2D/Content/DefaultSpriteMaterial.uasset" 407
"../../../Engine/Plugins/2D/Paper2D/Content/DummySpriteTexture.uasset" 408
"../../../Engine/Plugins/2D/Paper2D/Content/OpaqueUnlitSpriteMaterial.uasset" 409
"../../../Engine/Plugins/2D/Paper2D/Content/DefaultPaperTerrainMaterial.uasset" 410
"../../../Engine/Plugins/2D/Paper2D/Content/DummySprite.uasset" 411
"C:/Users/makloster/AppData/Local/UnrealEngine/4.7/Saved/Config/Windows/SourceControlSettings.ini" 412
"D:/Programmierung/Unreal/CardboardVR/MegaBall/Intermediate/Config/CoalescedSourceConfigs/SourceControlSettings.ini" 413
"D:/Programmierung/Unreal/CardboardVR/MegaBall/Saved/Config/Windows/SourceControlSettings.ini" 414
"../../../Engine/Content/EngineMaterials/RemoveSurfaceMaterial.uasset" 415
"../../../Engine/Content/EngineDebugMaterials/DebugMeshMaterial.uasset" 416
"../../../Engine/Content/EngineMaterials/M_InvalidLightmapSettings.uasset" 417
"../../../Engine/Content/EngineMaterials/InvalidLightmapSettings.uasset" 418
"../../../Engine/Content/EditorMaterials/GizmoMaterial.uasset" 419
"../../../Engine/Content/EngineMaterials/Good64x64TilingNoiseHighFreq.uasset" 420
"../../../Engine/Content/EngineMaterials/DefaultBokeh.uasset" 421
"../../../Engine/Content/EngineMaterials/PreintegratedSkinBRDF.uasset" 422
"../../../Engine/Content/EngineMaterials/MiniFont.uasset" 423
"../../../Engine/Content/EngineMaterials/WeightMapPlaceholderTexture.uasset" 424
"../../../Engine/Content/EngineMaterials/DefaultWhiteGrid.uasset" 425
"../../../Engine/Content/EngineMaterials/DefaultPhysicalMaterial.uasset" 426
"../../../Engine/Content/EngineFonts/RobotoTiny.uasset" 427
"D:/Programmierung/Unreal/CardboardVR/MegaBall/Intermediate/CachedAssetRegistry.bin" 428
"../../../Engine/Content/MobileResources/HUD/VirtualJoystick_Thumb.uasset" 429
"../../../Engine/Content/MobileResources/HUD/VirtualJoystick_Background.uasset" 430
"../../../Engine/Content/MobileResources/HUD/T_Castle_ThumbstickOutter.uasset" 431
"../../../Engine/Content/MobileResources/HUD/T_Castle_ThumbstickInner.uasset" 432
"../../../Engine/Content/MobileResources/HUD/MobileHUDDirectionStick.uasset" 433
"C:/Users/makloster/AppData/Local/UnrealEngine/Common/DerivedDataCache/5/4/9/TEXTURE_75F87CE100B546AAB8A1C4132AF9DB17_AUTOETC1_8EDAF7A54E378800FEB217863433__982DD826881BC736A1B192B83080FFAB5E386419.udd" 434
"../../../Engine/Content/MobileResources/HUD/MobileHUDDirectionPad3.uasset" 435
"C:/Users/makloster/AppData/Local/UnrealEngine/Common/DerivedDataCache/6/9/5/TEXTURE_75F87CE100B546AAB8A1C4132AF9DB17_AUTOETC1_C9D41DBE4C754F8B430E7DBADCD4__E01E3A109F7B28A062BAF93EF89DF2137AE3E3F0.udd" 436
"../../../Engine/Content/MobileResources/HUD/MobileHUDDirectionPad2.uasset" 437
"C:/Users/makloster/AppData/Local/UnrealEngine/Common/DerivedDataCache/1/3/5/TEXTURE_75F87CE100B546AAB8A1C4132AF9DB17_AUTOETC1_F562DDF94D8D885AE92078A9DD77__563B1BD23847D484936615ECBAC03B5CBB62075B.udd" 438
"../../../Engine/Content/MobileResources/HUD/MobileHUDDirectionPad.uasset" 439
"../../../Engine/Content/MobileResources/HUD/MobileHUDButtonFire.uasset" 440
"../../../Engine/Content/MobileResources/HUD/MobileHUDButton3.uasset" 441
"C:/Users/makloster/AppData/Local/UnrealEngine/Common/DerivedDataCache/8/2/7/TEXTURE_75F87CE100B546AAB8A1C4132AF9DB17_AUTOETC1_3F3B1DD44FE006226A690596DBDD__677694D49C25B112F3249C22AB0A70CEA1FCDF6B.udd" 442
"../../../Engine/Content/MobileResources/HUD/MobileHUDButton2_on.uasset" 443
"../../../Engine/Content/MobileResources/HUD/MobileHUDButton2_off.uasset" 444
"../../../Engine/Content/MobileResources/HUD/MobileHUDButton1_on.uasset" 445
"C:/Users/makloster/AppData/Local/UnrealEngine/Common/DerivedDataCache/0/9/9/TEXTURE_75F87CE100B546AAB8A1C4132AF9DB17_AUTOETC1_C9D41DBE4C754F8B430E7DBADCD4__F73F05D341842E3D46A42018CF114C814BA962B5.udd" 446
"C:/Users/makloster/AppData/Local/UnrealEngine/Common/DerivedDataCache/8/8/8/TEXTURE_75F87CE100B546AAB8A1C4132AF9DB17_AUTOETC1_F562DDF94D8D885AE92078A9DD77__5F4107E3272590365E3E07BA83D882EB2541411C.udd" 447
"../../../Engine/Content/MobileResources/HUD/MobileHUDButton1_off.uasset" 448
"../../../Engine/Content/MobileResources/HUD/LeftVirtualJoystickOnly.uasset" 449
"../../../Engine/Content/MobileResources/HUD/DefaultVirtualJoysticks.uasset" 450
"C:/Users/makloster/AppData/Local/UnrealEngine/Common/DerivedDataCache/9/8/4/TEXTURE_75F87CE100B546AAB8A1C4132AF9DB17_AUTOETC1_3F3B1DD44FE006226A690596DBDD__DB94C0090F9269074D2CFCEAA07224A1F3A95538.udd" 451
"../../../Engine/Content/MobileResources/HUD/AnalogHat.uasset" 452
"../../../Engine/Content/MobileResources/T_MobileMenu2.uasset" 453
"C:/Users/makloster/AppData/Local/UnrealEngine/Common/DerivedDataCache/2/8/1/TEXTURE_75F87CE100B546AAB8A1C4132AF9DB17_AUTOETC1_C9D41DBE4C754F8B430E7DBADCD4__FDCEA9475E34BE107A67342D0CF926F3BF48094A.udd" 454
"../../../Engine/Content/MobileResources/T_MobileControls_texture.uasset" 455
"../../../Engine/Content/Maps/Entry.umap" 456
"C:/Users/makloster/AppData/Local/UnrealEngine/Common/DerivedDataCache/4/2/6/TEXTURE_75F87CE100B546AAB8A1C4132AF9DB17_AUTOETC1_C200B7694C3FE53EBCE97592F5F4__0656CFF7CF238E6704299307AA42F27B3E011343.udd" 457
"../../../Engine/Content/EngineMaterials/DefaultNormal.uasset" 458
"C:/Users/makloster/AppData/Local/UnrealEngine/Common/DerivedDataCache/4/2/1/TEXTURE_75F87CE100B546AAB8A1C4132AF9DB17_AUTOETC1_F562DDF94D8D885AE92078A9DD77__C1C27521E96714EBDBFACFEA7E1A9CD6D26E2F35.udd" 459
"C:/Users/makloster/AppData/Local/UnrealEngine/Common/DerivedDataCache/6/9/0/TEXTURE_75F87CE100B546AAB8A1C4132AF9DB17_AUTOETC1_C49FDA8C4EFE04B87EBA5CB5A57D__53FEB0D24DA220C3F2E763739A4333423A97E00D.udd" 460
"C:/Users/makloster/AppData/Local/UnrealEngine/Common/DerivedDataCache/9/6/2/TEXTURE_75F87CE100B546AAB8A1C4132AF9DB17_AUTOETC1_80A9E59646847B4846ED6DAF42DF__CA841072396E8F2E1D7C8E6FB1F47E46F7C4C6E4.udd" 461
"C:/Users/makloster/AppData/Local/UnrealEngine/Common/DerivedDataCache/7/1/5/TEXTURE_75F87CE100B546AAB8A1C4132AF9DB17_AUTOETC1_D5542AFE4886708885DF42B1BE8F__32CA8A3FFAF3C17B0E10633312E65F671FC94813.udd" 462
"C:/Users/makloster/AppData/Local/UnrealEngine/Common/DerivedDataCache/1/1/7/TEXTURE_75F87CE100B546AAB8A1C4132AF9DB17_AUTOETC1_7BBBF743419EE004ACC16E9959BC__E23A5FACCE6569D1A0F41518EBA4BEA563D1FF88.udd" 463
"C:/Users/makloster/AppData/Local/UnrealEngine/Common/DerivedDataCache/5/6/2/TEXTURE_75F87CE100B546AAB8A1C4132AF9DB17_AUTOETC1_D5542AFE4886708885DF42B1BE8F__4B1A170BA1E09663ADAA34E66F7F9168E9E706F7.udd" 464
"C:/Users/makloster/AppData/Local/UnrealEngine/Common/DerivedDataCache/5/4/7/TEXTURE_75F87CE100B546AAB8A1C4132AF9DB17_AUTOETC1_80A9E59646847B4846ED6DAF42DF__7A9942B4D8C21721FB45946D7A3C97F5BD5ED2C7.udd" 465
"C:/Users/makloster/AppData/Local/UnrealEngine/Common/DerivedDataCache/2/8/2/TEXTURE_75F87CE100B546AAB8A1C4132AF9DB17_AUTOETC1_5FF2868842E6DED8A4C0CB821719__C5298F747BEE86C0F835AC55CD8564D849494C8F.udd" 466
"C:/Users/makloster/AppData/Local/UnrealEngine/Common/DerivedDataCache/7/9/0/TEXTURE_75F87CE100B546AAB8A1C4132AF9DB17_AUTOETC1_2E1EE3B14D43A62B84881B8F5AAD__5976B12707F4A0E6B70B1DAA3661F81D0C3A2E86.udd" 467
"C:/Users/makloster/AppData/Local/UnrealEngine/Common/DerivedDataCache/9/9/3/TEXTURE_75F87CE100B546AAB8A1C4132AF9DB17_AUTOETC1_9F8FBEF84A1997E30FD384955E3D__4D1BDA3703DE19060AE0F8F0A44EA1E39B937874.udd" 468
"C:/Users/makloster/AppData/Local/UnrealEngine/Common/DerivedDataCache/3/7/3/TEXTURE_75F87CE100B546AAB8A1C4132AF9DB17_AUTOETC1_9F8FBEF84A1997E30FD384955E3D__A3362C6CCBBD7260A184E166AE76941AE85513D6.udd" 469
"C:/Users/makloster/AppData/Local/UnrealEngine/Common/DerivedDataCache/3/1/5/TEXTURE_75F87CE100B546AAB8A1C4132AF9DB17_AUTOETC1_119D9D384F916FB5612DEB85B012__3B0C8F17E685CA2A28A0871E36D541B955286B75.udd" 470
"C:/Users/makloster/AppData/Local/UnrealEngine/Common/DerivedDataCache/9/6/8/TEXTURE_75F87CE100B546AAB8A1C4132AF9DB17_AUTOETC1_9F8FBEF84A1997E30FD384955E3D__0F0E051C3E3C1D9856B5FCE88F82F508D8D4F6A7.udd" 471
"C:/Users/makloster/AppData/Local/UnrealEngine/Common/DerivedDataCache/9/1/7/TEXTURE_75F87CE100B546AAB8A1C4132AF9DB17_AUTOETC1_119D9D384F916FB5612DEB85B012__30CA3377F7271ADD98EE25CD07D6E28E206CCBAE.udd" 472
"C:/Users/makloster/AppData/Local/UnrealEngine/Common/DerivedDataCache/0/0/1/TEXTURE_75F87CE100B546AAB8A1C4132AF9DB17_AUTOETC1_122003924E39A572EF68B5BAC8A9__73484EE1D6C8D67F35220EB30FDAF3BABE535ACC.udd" 473
"C:/Users/makloster/AppData/Local/UnrealEngine/Common/DerivedDataCache/5/0/9/TEXTURE_75F87CE100B546AAB8A1C4132AF9DB17_AUTOETC1_9F8FBEF84A1997E30FD384955E3D__C206D66B05721E6910A418E8DBDE6D9ACFA301CC.udd" 474
"C:/Users/makloster/AppData/Local/UnrealEngine/Common/DerivedDataCache/4/8/3/TEXTURE_75F87CE100B546AAB8A1C4132AF9DB17_AUTOETC1_119D9D384F916FB5612DEB85B012__11B0CB0E7B09CD661F31A429D49E44D1926222E1.udd" 475
"C:/Users/makloster/AppData/Local/UnrealEngine/Common/DerivedDataCache/3/8/2/TEXTURE_75F87CE100B546AAB8A1C4132AF9DB17_AUTOETC1_119D9D384F916FB5612DEB85B012__4E22E922D3DA5C179500803F4476649538A32D85.udd" 476
"C:/Users/makloster/AppData/Local/UnrealEngine/Common/DerivedDataCache/7/1/7/TEXTURE_75F87CE100B546AAB8A1C4132AF9DB17_AUTOETC1_122003924E39A572EF68B5BAC8A9__F85ED85CF16E75A2C8F2A345030CA6B2EB59403E.udd" 477
"C:/Users/makloster/AppData/Local/UnrealEngine/Common/DerivedDataCache/2/3/3/TEXTURE_75F87CE100B546AAB8A1C4132AF9DB17_AUTOETC1_122003924E39A572EF68B5BAC8A9__444AB0F493BFD6656766467CE1CA044EFBE72EA4.udd" 478
"C:/Users/makloster/AppData/Local/UnrealEngine/Common/DerivedDataCache/6/3/2/TEXTURE_75F87CE100B546AAB8A1C4132AF9DB17_AUTOETC1_122003924E39A572EF68B5BAC8A9__FA9F3E98F3E1882C0E47F40DD00929648126021D.udd" 479
"C:/Users/makloster/AppData/Local/UnrealEngine/Common/DerivedDataCache/8/8/9/TEXTURE_75F87CE100B546AAB8A1C4132AF9DB17_AUTOETC1_122003924E39A572EF68B5BAC8A9__75CE36B0B293445DCBE63A370947174428B30BCF.udd" 480
"D:/Programmierung/Unreal/CardboardVR/MegaBall/Content/Levels/BallFight.umap" 481
"../../../Engine/Content/EngineSky/BP_Sky_Sphere.uasset" 482
"../../../Engine/Content/EditorBlueprintResources/StandardMacros.uasset" 483
"../../../Engine/Content/EngineSky/C_Sky_Cloud_Color.uasset" 484
"../../../Engine/Content/EngineSky/C_Sky_Horizon_Color.uasset" 485
"../../../Engine/Content/EngineSky/C_Sky_Zenith_Color.uasset" 486
"../../../Engine/Content/EngineSky/M_Sky_Panning_Clouds2.uasset" 487
"../../../Engine/Content/EngineSky/T_Sky_Blue.uasset" 488
"../../../Engine/Content/EngineSky/T_Sky_Clouds_M.uasset" 489
"../../../Engine/Content/EngineSky/T_Sky_Stars.uasset" 490
"../../../Engine/Content/EngineSky/SM_SkySphere.uasset" 491
"D:/Programmierung/Unreal/CardboardVR/MegaBall/Content/Blueprints/BP_Banner_BlueTeam.uasset" 492
"D:/Programmierung/Unreal/CardboardVR/MegaBall/Content/Materials/M_BlueTeam.uasset" 493
"../../../Engine/Content/BasicShapes/Cube.uasset" 494
"D:/Programmierung/Unreal/CardboardVR/MegaBall/Content/Blueprints/BP_Banner_RedTeam.uasset" 495
"D:/Programmierung/Unreal/CardboardVR/MegaBall/Content/Materials/M_RedTeam.uasset" 496
"D:/Programmierung/Unreal/CardboardVR/MegaBall/Content/Blueprints/BP_ConorLight.uasset" 497
"../../../Engine/Content/BasicShapes/Cone.uasset" 498
"../../../Engine/Content/EngineMeshes/Cube.uasset" 499
"D:/Programmierung/Unreal/CardboardVR/MegaBall/Content/Blueprints/BP_Goal_BlueTeam.uasset" 500
"D:/Programmierung/Unreal/CardboardVR/MegaBall/Content/Blueprints/BP_Goal_RedTeam.uasset" 501
"D:/Programmierung/Unreal/CardboardVR/MegaBall/Content/Blueprints/BP_PowerUp_Energy.uasset" 502
"D:/Programmierung/Unreal/CardboardVR/MegaBall/Content/Charakter/MyCharakter.uasset" 503
"D:/Programmierung/Unreal/CardboardVR/MegaBall/Content/Charakter/CharacterAnimBP.uasset" 504
"D:/Programmierung/Unreal/CardboardVR/MegaBall/Content/Charakter/Animations/PunchingMontage.uasset" 505
"D:/Programmierung/Unreal/CardboardVR/MegaBall/Content/Charakter/Animations/MontageExample_End_1.uasset" 506
"D:/Programmierung/Unreal/CardboardVR/MegaBall/Content/Charakter/HeroTPP_Skeleton.uasset" 507
"D:/Programmierung/Unreal/CardboardVR/MegaBall/Content/Charakter/Animations/MontageExample_End_2.uasset" 508
"D:/Programmierung/Unreal/CardboardVR/MegaBall/Content/Charakter/Animations/MontageExample_Punch_1.uasset" 509
"D:/Programmierung/Unreal/CardboardVR/MegaBall/Content/Charakter/Animations/MontageExample_Punch_2.uasset" 510
"D:/Programmierung/Unreal/CardboardVR/MegaBall/Content/Charakter/Animations/MontageExample_Start.uasset" 511
"D:/Programmierung/Unreal/CardboardVR/MegaBall/Content/Charakter/Animations/Jump_End.uasset" 512
"D:/Programmierung/Unreal/CardboardVR/MegaBall/Content/Charakter/Animations/Jump_Loop.uasset" 513
"D:/Programmierung/Unreal/CardboardVR/MegaBall/Content/Charakter/Animations/Jump_Start.uasset" 514
"D:/Programmierung/Unreal/CardboardVR/MegaBall/Content/Charakter/Animations/Idle_Walk_Run.uasset" 515
"D:/Programmierung/Unreal/CardboardVR/MegaBall/Content/Charakter/Animations/Idle.uasset" 516
"D:/Programmierung/Unreal/CardboardVR/MegaBall/Content/Charakter/Animations/Run.uasset" 517
"../../../Engine/Content/EngineAnimNotifies/AnimNotify_PlayParticleEffect.uasset" 518
"D:/Programmierung/Unreal/CardboardVR/MegaBall/Content/Charakter/Animations/Walk.uasset" 519
"D:/Programmierung/Unreal/CardboardVR/MegaBall/Content/Charakter/Animations/Walk_Backward.uasset" 520
"D:/Programmierung/Unreal/CardboardVR/MegaBall/Content/UMG/GameHUD.uasset" 521
"D:/Programmierung/Unreal/CardboardVR/MegaBall/Content/Charakter/HeroTPP.uasset" 522
"D:/Programmierung/Unreal/CardboardVR/MegaBall/Content/Charakter/Charakter_Parent.uasset" 523
"D:/Programmierung/Unreal/CardboardVR/MegaBall/Content/Materials/M_PowerUpEnergy.uasset" 524
"D:/Programmierung/Unreal/CardboardVR/MegaBall/Content/Materials/M_PowerUpLife.uasset" 525
"D:/Programmierung/Unreal/CardboardVR/MegaBall/Content/Blueprints/BP_PowerUp_Life.uasset" 526
"D:/Programmierung/Unreal/CardboardVR/MegaBall/Content/Charakter/MyGame.uasset" 527
"D:/Programmierung/Unreal/CardboardVR/MegaBall/Content/Materials/M_Basic_Gras.uasset" 528
"D:/Programmierung/Unreal/CardboardVR/MegaBall/Content/Materials/M_BouncingBall.uasset" 529
"D:/Programmierung/Unreal/CardboardVR/MegaBall/Content/PhysicalMaterial/PM_BouncingBall.uasset" 530
"D:/Programmierung/Unreal/CardboardVR/MegaBall/Content/Materials/M_Dark_Gras.uasset" 531
"D:/Programmierung/Unreal/CardboardVR/MegaBall/Content/Materials/M_Lines.uasset" 532
"D:/Programmierung/Unreal/CardboardVR/MegaBall/Content/Materials/M_Wall.uasset" 533
"../../../Engine/Content/BasicShapes/Cylinder.uasset" 534
"../../../Engine/Content/BasicShapes/Sphere.uasset" 535
"C:/Users/makloster/AppData/Local/UnrealEngine/Common/DerivedDataCache/1/3/9/TEXTURE_75F87CE100B546AAB8A1C4132AF9DB17_AUTOETC1_448D83D64D92F14E184FE8814236__F00A21F45A98BE0F2BB6F71313641F88F4F4B8A0.udd" 536
"C:/Users/makloster/AppData/Local/UnrealEngine/Common/DerivedDataCache/0/7/5/TEXTURE_75F87CE100B546AAB8A1C4132AF9DB17_AUTOETC1_448D83D64D92F14E184FE8814236__5912F6F525E578E3D3EE491E3D65E7EA056DAE45.udd" 537
"C:/Users/makloster/AppData/Local/UnrealEngine/Common/DerivedDataCache/8/7/0/TEXTURE_75F87CE100B546AAB8A1C4132AF9DB17_AUTOETC1_A79D3BCA4197BB67BFB83FA70B6E__2EEFF258F1BAA9145F492538DFC9EC06359847A8.udd" 538
"C:/Users/makloster/AppData/Local/UnrealEngine/Common/DerivedDataCache/9/5/0/TEXTURE_75F87CE100B546AAB8A1C4132AF9DB17_AUTOETC1_A79D3BCA4197BB67BFB83FA70B6E__AF765F4861A50F150E5E25C2F776DD2373549A13.udd" 539
"C:/Users/makloster/AppData/Local/UnrealEngine/Common/DerivedDataCache/7/2/9/TEXTURE_75F87CE100B546AAB8A1C4132AF9DB17_AUTOETC1_52640BB9425F976C53CF3FA787E7__8FFAA36C1F3FB05E75AD42646EAE5D7D7F071554.udd" 540
"C:/Users/makloster/AppData/Local/UnrealEngine/Common/DerivedDataCache/4/9/3/TEXTURE_75F87CE100B546AAB8A1C4132AF9DB17_AUTOETC1_A79D3BCA4197BB67BFB83FA70B6E__9CA0F2BBE3A418E3698F9FE2E81DBA1CD56B240E.udd" 541
"C:/Users/makloster/AppData/Local/UnrealEngine/Common/DerivedDataCache/1/7/2/TEXTURE_75F87CE100B546AAB8A1C4132AF9DB17_AUTOETC1_A79D3BCA4197BB67BFB83FA70B6E__80D96031AF3BE3C044C88534783338AA30DD12B9.udd" 542
"C:/Users/makloster/AppData/Local/UnrealEngine/Common/DerivedDataCache/9/6/3/TEXTURE_75F87CE100B546AAB8A1C4132AF9DB17_AUTOETC1_A79D3BCA4197BB67BFB83FA70B6E__989D45B3AEFAAD28C61EBFCBF5013EF1350B36B5.udd" 543
"C:/Users/makloster/AppData/Local/UnrealEngine/Common/DerivedDataCache/3/9/1/TEXTURE_75F87CE100B546AAB8A1C4132AF9DB17_AUTOETC1_3CBA7AF44F10FC2B93A2668D8A23__D79CA0DBF1919917D1376CF6F62D63E1AFFC2676.udd" 544
"C:/Users/makloster/AppData/Local/UnrealEngine/Common/DerivedDataCache/2/6/9/TEXTURE_75F87CE100B546AAB8A1C4132AF9DB17_AUTOETC1_3CBA7AF44F10FC2B93A2668D8A23__7232660EF4AEC8D48B588FC1679839E8DD108A01.udd" 545
"C:/Users/makloster/AppData/Local/UnrealEngine/Common/DerivedDataCache/2/7/2/TEXTURE_75F87CE100B546AAB8A1C4132AF9DB17_AUTOETC1_3CBA7AF44F10FC2B93A2668D8A23__5204E03510869CEF61666B67450B67ABE01CB2C3.udd" 546
"C:/Users/makloster/AppData/Local/UnrealEngine/Common/DerivedDataCache/0/7/3/TEXTURE_75F87CE100B546AAB8A1C4132AF9DB17_AUTOETC1_7D8F8E874041BC1F3C76C8B6CCA4__E01081B0FA831D891D899A882554D7E7A7F19C5D.udd" 547
"C:/Users/makloster/AppData/Local/UnrealEngine/Common/DerivedDataCache/8/5/0/TEXTURE_75F87CE100B546AAB8A1C4132AF9DB17_AUTOETC1_7D8F8E874041BC1F3C76C8B6CCA4__FD216DAB559F82FFA99A3B1C88909F87B6BD8576.udd" 548
"C:/Users/makloster/AppData/Local/UnrealEngine/Common/DerivedDataCache/3/3/7/TEXTURE_75F87CE100B546AAB8A1C4132AF9DB17_AUTOETC1_1F0DC5ED4BB15F53F0099899AC1C__157884B161157A49E965DE67C9FC58C61688CA3D.udd" 549
"C:/Users/makloster/AppData/Local/UnrealEngine/Common/DerivedDataCache/5/9/1/TEXTURE_75F87CE100B546AAB8A1C4132AF9DB17_AUTOETC1_A8AA39BB4540E375D1DFF193EC4E__C8A731EC2079E34B4036781B97B88A9903E3E27A.udd" 550
"C:/Users/makloster/AppData/Local/UnrealEngine/Common/DerivedDataCache/8/5/6/TEXTURE_75F87CE100B546AAB8A1C4132AF9DB17_AUTOETC1_A8AA39BB4540E375D1DFF193EC4E__B88F423B198437F67EC0179A98A07A2E6EE053D5.udd" 551
"C:/Users/makloster/AppData/Local/UnrealEngine/Common/DerivedDataCache/3/1/6/TEXTURE_75F87CE100B546AAB8A1C4132AF9DB17_AUTOETC1_52640BB9425F976C53CF3FA787E7__F5BA4E346F4BD36CEE5DF6645CF318E4E8D2FADD.udd" 552
"C:/Users/makloster/AppData/Local/UnrealEngine/Common/DerivedDataCache/6/0/8/TEXTURE_75F87CE100B546AAB8A1C4132AF9DB17_AUTOETC1_A8AA39BB4540E375D1DFF193EC4E__B3D8D444ACBE08D8F5D9655E85CAF777016EEB8B.udd" 553
"C:/Users/makloster/AppData/Local/UnrealEngine/Common/DerivedDataCache/8/0/4/TEXTURE_75F87CE100B546AAB8A1C4132AF9DB17_AUTOETC1_A8AA39BB4540E375D1DFF193EC4E__AB00C2E837646CAE861C868DA085B71C7EAD3E66.udd" 554
"C:/Users/makloster/AppData/Local/UnrealEngine/Common/DerivedDataCache/4/5/4/TEXTURE_75F87CE100B546AAB8A1C4132AF9DB17_AUTOETC1_A8AA39BB4540E375D1DFF193EC4E__40789C58C5843305E1776F64A038CD29FCB56EFD.udd" 555
"C:/Users/makloster/AppData/Local/UnrealEngine/Common/DerivedDataCache/8/8/7/TEXTURE_75F87CE100B546AAB8A1C4132AF9DB17_AUTOETC1_A1B315D141AED55C2AFD51888F65__23EBF233988B2F8F07C26D22D63A093BCCB36A70.udd" 556
"C:/Users/makloster/AppData/Local/UnrealEngine/Common/DerivedDataCache/4/9/1/TEXTURE_75F87CE100B546AAB8A1C4132AF9DB17_AUTOETC1_A1B315D141AED55C2AFD51888F65__FF1A4B6911B5959B26F88089EB98E6622B9966EA.udd" 557
"C:/Users/makloster/AppData/Local/UnrealEngine/Common/DerivedDataCache/9/1/7/TEXTURE_75F87CE100B546AAB8A1C4132AF9DB17_AUTOETC1_A1B315D141AED55C2AFD51888F65__DF0D1B1CD0707AC765DE38ACBE60EB5591A694CC.udd" 558
"C:/Users/makloster/AppData/Local/UnrealEngine/Common/DerivedDataCache/5/8/4/TEXTURE_75F87CE100B546AAB8A1C4132AF9DB17_AUTOETC1_39AF3EC0447DEBF37051EA9155B5__490CE3CEA7D452A652A7A1C2FA07EF97055D200B.udd" 559
"C:/Users/makloster/AppData/Local/UnrealEngine/Common/DerivedDataCache/1/6/6/TEXTURE_75F87CE100B546AAB8A1C4132AF9DB17_AUTOETC1_39AF3EC0447DEBF37051EA9155B5__3E03E841B90B459903524370EDD193362DAE4128.udd" 560
"C:/Users/makloster/AppData/Local/UnrealEngine/Common/DerivedDataCache/0/5/6/TEXTURE_75F87CE100B546AAB8A1C4132AF9DB17_AUTOETC1_448D83D64D92F14E184FE8814236__96961B5ED8D8779374245EC5F1D0B1423D7129B4.udd" 561
"C:/Users/makloster/AppData/Local/UnrealEngine/Common/DerivedDataCache/6/1/8/TEXTURE_75F87CE100B546AAB8A1C4132AF9DB17_AUTOETC1_52640BB9425F976C53CF3FA787E7__0114A4021E3C54E97E5EAFA65E5CB8A0549B276F.udd" 562
"C:/Users/makloster/AppData/Local/UnrealEngine/Common/DerivedDataCache/2/1/0/TEXTURE_75F87CE100B546AAB8A1C4132AF9DB17_AUTOETC1_448D83D64D92F14E184FE8814236__27EE43FB110EE1593321FEDE1FCB3D92B8C1D9B2.udd" 563
"C:/Users/makloster/AppData/Local/UnrealEngine/Common/DerivedDataCache/4/5/5/TEXTURE_75F87CE100B546AAB8A1C4132AF9DB17_AUTOETC1_52640BB9425F976C53CF3FA787E7__BC6C7E93866121C39395EAA9F1274B145E2CB1FD.udd" 564
"C:/Users/makloster/AppData/Local/UnrealEngine/Common/DerivedDataCache/7/7/1/TEXTURE_75F87CE100B546AAB8A1C4132AF9DB17_AUTOETC1_448D83D64D92F14E184FE8814236__47AD14942979251AA48E42980F506A59255214FA.udd" 565
"C:/Users/makloster/AppData/Local/UnrealEngine/Common/DerivedDataCache/7/7/4/TEXTURE_75F87CE100B546AAB8A1C4132AF9DB17_AUTOETC1_448D83D64D92F14E184FE8814236__ED44612A0CE324525F5D9CA511F5CBC2D18A6BE6.udd" 566
"C:/Users/makloster/AppData/Local/UnrealEngine/Common/DerivedDataCache/3/9/8/TEXTURE_75F87CE100B546AAB8A1C4132AF9DB17_AUTOETC1_385CB2F540D02CC49050A0B97957__412B402E3AD3F10F19F766001E24CCCE27443633.udd" 567
"C:/Users/makloster/AppData/Local/UnrealEngine/Common/DerivedDataCache/3/7/9/TEXTURE_75F87CE100B546AAB8A1C4132AF9DB17_BGRA8_612E405140BDCAE13445C7A27112526__F6DD62257C0A5CC1993B2C378CE709EEF1F8F109.udd" 568
"C:/Users/makloster/AppData/Local/UnrealEngine/Common/DerivedDataCache/6/6/0/TEXTURE_75F87CE100B546AAB8A1C4132AF9DB17_BGRA8_612E405140BDCAE13445C7A27112526__4801736A29351883A532F72698621EAF0234FBF7.udd" 569
"C:/Users/makloster/AppData/Local/UnrealEngine/Common/DerivedDataCache/1/3/4/TEXTURE_75F87CE100B546AAB8A1C4132AF9DB17_BGRA8_4BAF0F6D411BD83F022C358DF7248A5__E51406C59598EF787B8B892356F10F1B489F8401.udd" 570
"C:/Users/makloster/AppData/Local/UnrealEngine/Common/DerivedDataCache/7/2/1/TEXTURE_75F87CE100B546AAB8A1C4132AF9DB17_BGRA8_A7E3B8354CD800E54FF3DEA6DD58BA1__FDE25BE5C274C980467BBB8564A8D721802ADDAB.udd" 571
"C:/Users/makloster/AppData/Local/UnrealEngine/Common/DerivedDataCache/2/3/9/TEXTURE_75F87CE100B546AAB8A1C4132AF9DB17_BGRA8_612E405140BDCAE13445C7A27112526__D445BD93FCAD8E47AAAD7ADF302DE370E79F46A6.udd" 572
"C:/Users/makloster/AppData/Local/UnrealEngine/Common/DerivedDataCache/5/5/7/TEXTURE_75F87CE100B546AAB8A1C4132AF9DB17_BGRA8_612E405140BDCAE13445C7A27112526__0CE19A935DB2B432911B498DA58519C6459EFA24.udd" 573
"C:/Users/makloster/AppData/Local/UnrealEngine/Common/DerivedDataCache/9/0/4/TEXTURE_75F87CE100B546AAB8A1C4132AF9DB17_BGRA8_4BAF0F6D411BD83F022C358DF7248A5__8EC1E9239C00CEFFB5D0EF49DA9B9F5EA1282A6B.udd" 574
"C:/Users/makloster/AppData/Local/UnrealEngine/Common/DerivedDataCache/8/2/0/TEXTURE_75F87CE100B546AAB8A1C4132AF9DB17_BGRA8_612E405140BDCAE13445C7A27112526__5BB58B5E3EE1B579253B784F238CB47A3F424167.udd" 575
"C:/Users/makloster/AppData/Local/UnrealEngine/Common/DerivedDataCache/9/2/4/TEXTURE_75F87CE100B546AAB8A1C4132AF9DB17_BGRA8_4BAF0F6D411BD83F022C358DF7248A5__35C00D1DA11DED727E176DF66FB1CC1AB85ED717.udd" 576
"C:/Users/makloster/AppData/Local/UnrealEngine/Common/DerivedDataCache/2/6/7/MATSM_85DD00DAF10D45C79D4ED0306AF2628B_GLSL_ES2_2061__BC5N_DEV_SL_NODBUF4BADA4__972002A72B92DB8663CA840EE33A0D38F3336989.udd" 577
"C:/Users/makloster/AppData/Local/UnrealEngine/Common/DerivedDataCache/1/3/1/PHYSX_$7B1F0627AE$2DABEB$2D4206$2D8D78$2DE16BEB5DDC7E$7D_PHYSXPC_A366DF45486AA4E3378E6F9D68525FF9__1_0_13075_0.udd" 578
"C:/Users/makloster/AppData/Local/UnrealEngine/Common/DerivedDataCache/6/7/3/PHYSX_$7B1F0627AE$2DABEB$2D4206$2D8D78$2DE16BEB5DDC7E$7D_PHYSXPC_775B56D041D42CA68FD21E9F87BF2857__1_0_13075_0.udd" 579
"C:/Users/makloster/AppData/Local/UnrealEngine/Common/DerivedDataCache/4/8/9/PHYSX_$7B1F0627AE$2DABEB$2D4206$2D8D78$2DE16BEB5DDC7E$7D_PHYSXPC_F26270FF46E8654CB1AF6D88FFFD8BED__1_0_13075_0.udd" 580
"C:/Users/makloster/AppData/Local/UnrealEngine/Common/DerivedDataCache/2/3/6/PHYSX_$7B1F0627AE$2DABEB$2D4206$2D8D78$2DE16BEB5DDC7E$7D_PHYSXPC_6534A20845C189BF845070952820EDEF__1_0_13075_0.udd" 581
"C:/Users/makloster/AppData/Local/UnrealEngine/Common/DerivedDataCache/6/7/8/PHYSX_$7B1F0627AE$2DABEB$2D4206$2D8D78$2DE16BEB5DDC7E$7D_PHYSXPC_16EDD4A44BB2D78111C125BF3D6579DC__1_0_13075_0.udd" 582
"C:/Users/makloster/AppData/Local/UnrealEngine/Common/DerivedDataCache/2/1/8/PHYSX_$7B1F0627AE$2DABEB$2D4206$2D8D78$2DE16BEB5DDC7E$7D_PHYSXPC_E09B495C4E20D544946F84B2BCC696AC__1_0_13075_0.udd" 583
"C:/Users/makloster/AppData/Local/UnrealEngine/Common/DerivedDataCache/9/7/2/PHYSX_$7B1F0627AE$2DABEB$2D4206$2D8D78$2DE16BEB5DDC7E$7D_PHYSXPC_18D15A1F46E5AE9FCA03739F40722BC6__1_0_13075_0.udd" 584
"C:/Users/makloster/AppData/Local/UnrealEngine/Common/DerivedDataCache/3/9/4/PHYSX_$7B1F0627AE$2DABEB$2D4206$2D8D78$2DE16BEB5DDC7E$7D_PHYSXPC_F291150B40CCEB7437166488DFEF0C21__1_0_13075_0.udd" 585
"C:/Users/makloster/AppData/Local/UnrealEngine/Common/DerivedDataCache/7/7/3/PHYSX_$7B1F0627AE$2DABEB$2D4206$2D8D78$2DE16BEB5DDC7E$7D_PHYSXPC_1278E70F42E3FC12A96EA1A171EF4699__1_0_13075_0.udd" 586
"C:/Users/makloster/AppData/Local/UnrealEngine/Common/DerivedDataCache/8/3/1/PHYSX_$7B1F0627AE$2DABEB$2D4206$2D8D78$2DE16BEB5DDC7E$7D_PHYSXPC_3ADB62A3497F77A4B90F4DAAB4E967DE__1_0_13075_0.udd" 587
"C:/Users/makloster/AppData/Local/UnrealEngine/Common/DerivedDataCache/7/2/3/REFL_ENC_96DFC022836B48889143E9DF484C3296_B68050F541A87D418E538A83DF5E3190.udd" 588
"../../../Engine/Content/EditorResources/EmptyActor.uasset" 589
"D:/Programmierung/Unreal/CardboardVR/MegaBall/Intermediate/Shaders/WorkingDirectory/12760/2/WorkerOutputOnly.out" 590
"D:/Programmierung/Unreal/CardboardVR/MegaBall/Intermediate/Shaders/WorkingDirectory/12760/5/WorkerOutputOnly.out" 591
"D:/Programmierung/Unreal/CardboardVR/MegaBall/Intermediate/Shaders/WorkingDirectory/12760/4/WorkerOutputOnly.out" 592
"D:/Programmierung/Unreal/CardboardVR/MegaBall/Intermediate/Shaders/WorkingDirectory/12760/0/WorkerOutputOnly.out" 593
"D:/Programmierung/Unreal/CardboardVR/MegaBall/Intermediate/Shaders/WorkingDirectory/12760/6/WorkerOutputOnly.out" 594
"D:/Programmierung/Unreal/CardboardVR/MegaBall/Intermediate/Shaders/WorkingDirectory/12760/1/WorkerOutputOnly.out" 595
"D:/Programmierung/Unreal/CardboardVR/MegaBall/Intermediate/Shaders/WorkingDirectory/12760/3/WorkerOutputOnly.out" 596
"D:/Programmierung/Unreal/CardboardVR/MegaBall/Intermediate/Shaders/WorkingDirectory/12760/7/WorkerOutputOnly.out" 597
"D:/Programmierung/Unreal/CardboardVR/MegaBall/Content/UMG/NewWidgetBlueprint.uasset" 598
"D:/Programmierung/Unreal/CardboardVR/MegaBall/Content/Materials/M_Glass.uasset" 599
"C:/Users/makloster/AppData/Local/UnrealEngine/Common/DerivedDataCache/1/2/4/MATSM_85DD00DAF10D45C79D4ED0306AF2628B_GLSL_ES2_2061__BC5N_DEV_SL_NODBUF851038__3ACC0457C11F5BE9B43D29A1A5E62ECBED269185.udd" 600
"D:/Programmierung/Unreal/CardboardVR/MegaBall/Content/Charakter/NewMaterial.uasset" 601
"D:/Programmierung/Unreal/CardboardVR/MegaBall/Content/Charakter/M_Template_Master.uasset" 602
"C:/Users/makloster/AppData/Local/UnrealEngine/Common/DerivedDataCache/0/6/4/MATSM_85DD00DAF10D45C79D4ED0306AF2628B_GLSL_ES2_2061__BC5N_DEV_SL_NODBUF22DA70__0E34F81ED91D486D6FFE5B0F1DE52E65C9CA3546.udd" 603
"D:/Programmierung/Unreal/CardboardVR/MegaBall/Content/Charakter/Charakter_Parent_Inst.uasset" 604
"D:/Programmierung/Unreal/CardboardVR/MegaBall/Content/Charakter/Charakter_Inst.uasset" 605
"D:/Programmierung/Unreal/CardboardVR/MegaBall/Content/Blueprints/Banner_BlueTeam.uasset" 606
"C:/Users/makloster/AppData/Local/UnrealEngine/Common/DerivedDataCache/2/1/4/MATSM_85DD00DAF10D45C79D4ED0306AF2628B_GLSL_ES2_2061__BC5N_DEV_SL_NODBUF3017E7__E770FAE8E9BFBC167B003711FE9BE15ABC6DAFB3.udd" 607
"D:/Programmierung/Unreal/CardboardVR/MegaBall/Content/Blueprints/Banner.uasset" 608
