"D:/Programmierung/Unreal/CardboardVR/MegaBall/MegaBall.uproject" 1
"../../../Engine/Plugins/2D/Paper2D/Paper2D.uplugin" 2
"../../../Engine/Plugins/Developer/BlankPlugin/BlankPlugin.uplugin" 3
"../../../Engine/Plugins/Developer/GitSourceControl/GitSourceControl.uplugin" 4
"../../../Engine/Plugins/Developer/KDevelopSourceCodeAccess/KDevelopSourceCodeAccess.uplugin" 5
"../../../Engine/Plugins/Developer/PerforceSourceControl/PerforceSourceControl.uplugin" 6
"../../../Engine/Plugins/Developer/SubversionSourceControl/SubversionSourceControl.uplugin" 7
"../../../Engine/Plugins/Developer/UObjectPlugin/UObjectPlugin.uplugin" 8
"../../../Engine/Plugins/Developer/VisualStudioSourceCodeAccess/VisualStudioSourceCodeAccess.uplugin" 9
"../../../Engine/Plugins/Developer/XCodeSourceCodeAccess/XCodeSourceCodeAccess.uplugin" 10
"../../../Engine/Plugins/Editor/EpicSurvey/EpicSurvey.uplugin" 11
"../../../Engine/Plugins/Editor/MacGraphicsSwitching/MacGraphicsSwitching.uplugin" 12
"../../../Engine/Plugins/Editor/PluginsEditor/PluginsEditor.uplugin" 13
"../../../Engine/Plugins/Editor/SpeedTreeImporter/SpeedTreeImporter.uplugin" 14
"../../../Engine/Plugins/Experimental/BlueprintStats/BlueprintStats.uplugin" 15
"../../../Engine/Plugins/Experimental/CharacterAI/CharacterAI.uplugin" 16
"../../../Engine/Plugins/Experimental/CodeView/CodeView.uplugin" 17
"../../../Engine/Plugins/Experimental/LiveEditor/LiveEditor.uplugin" 18
"../../../Engine/Plugins/Experimental/Phya/Phya.uplugin" 19
"../../../Engine/Plugins/Experimental/SimpleHMD/SimpleHMD.uplugin" 20
"../../../Engine/Plugins/Experimental/SteamVR/SteamVR.uplugin" 21
"../../../Engine/Plugins/Media/AndroidMedia/AndroidMedia.uplugin" 22
"../../../Engine/Plugins/Media/AvfMedia/AvfMedia.uplugin" 23
"../../../Engine/Plugins/Media/MediaPlayerEditor/MediaPlayerEditor.uplugin" 24
"../../../Engine/Plugins/Media/WmfMedia/WmfMedia.uplugin" 25
"../../../Engine/Plugins/Messaging/MessagingDebugger/MessagingDebugger.uplugin" 26
"../../../Engine/Plugins/Messaging/ShmMessaging/ShmMessaging.uplugin" 27
"../../../Engine/Plugins/Messaging/UdpMessaging/UdpMessaging.uplugin" 28
"../../../Engine/Plugins/Runtime/Advertising/IOSTapJoy/IOSTapJoy.uplugin" 29
"../../../Engine/Plugins/Runtime/Analytics/AnalyticsBlueprintLibrary/AnalyticsBlueprintLibrary.uplugin" 30
"../../../Engine/Plugins/Runtime/Analytics/Apsalar/IOSApsalar/IOSApsalar.uplugin" 31
"../../../Engine/Plugins/Runtime/Analytics/FileLogging/FileLogging.uplugin" 32
"../../../Engine/Plugins/Runtime/AndroidDeviceProfileSelector/AndroidDeviceProfileSelector.uplugin" 33
"../../../Engine/Plugins/Runtime/AndroidMoviePlayer/AndroidMoviePlayer.uplugin" 34
"../../../Engine/Plugins/Runtime/AppleMoviePlayer/AppleMoviePlayer.uplugin" 35
"../../../Engine/Plugins/Runtime/CableComponent/CableComponent.uplugin" 36
"../../../Engine/Plugins/Runtime/CustomMeshComponent/CustomMeshComponent.uplugin" 37
"../../../Engine/Plugins/Runtime/ExampleDeviceProfileSelector/ExampleDeviceProfileSelector.uplugin" 38
"../../../Engine/Plugins/Runtime/GearVR/GearVR.uplugin" 39
"../../../Engine/Plugins/Runtime/IOSDeviceProfileSelector/IOSDeviceProfileSelector.uplugin" 40
"../../../Engine/Plugins/Runtime/LiveEditorListenServer/LiveEditorListenServer.uplugin" 41
"../../../Engine/Plugins/Runtime/OculusRift/OculusRift.uplugin" 42
"../../../Engine/Plugins/Runtime/SoundMod/SoundMod.uplugin" 43
"../../../Engine/Plugins/Runtime/SoundVisualizations/SoundVisualizations.uplugin" 44
"../../../Engine/Plugins/Runtime/TwitchLiveStreaming/TwitchLiveStreaming.uplugin" 45
"../../../Engine/Plugins/Runtime/WindowsDeviceProfileSelector/WindowsDeviceProfileSelector.uplugin" 46
"../../../Engine/Plugins/Runtime/WindowsMoviePlayer/WindowsMoviePlayer.uplugin" 47
"../../../Engine/Plugins/ScriptGeneratorPlugin/ScriptGeneratorPlugin.uplugin" 48
"../../../Engine/Plugins/ScriptPlugin/ScriptPlugin.uplugin" 49
"../../../Engine/Plugins/Slate/SlateRemote/SlateRemote.uplugin" 50
"..\..\..\Engine\Content\Internationalization\icudt53l\cnvalias.icu" 51
"..\..\..\Engine\Content\Internationalization\icudt53l\en_US_POSIX.res" 52
"..\..\..\Engine\Content\Internationalization\icudt53l\pool.res" 53
"..\..\..\Engine\Content\Internationalization\icudt53l\en_US.res" 54
"..\..\..\Engine\Content\Internationalization\icudt53l\en.res" 55
"..\..\..\Engine\Content\Internationalization\icudt53l\root.res" 56
"..\..\..\Engine\Content\Internationalization\icudt53l\coll\ucadata.icu" 57
"..\..\..\Engine\Content\Internationalization\icudt53l\nfc.nrm" 58
"..\..\..\Engine\Content\Internationalization\icudt53l\coll\en_US_POSIX.res" 59
"..\..\..\Engine\Content\Internationalization\icudt53l\coll\en_US.res" 60
"..\..\..\Engine\Content\Internationalization\icudt53l\coll\en.res" 61
"..\..\..\Engine\Content\Internationalization\icudt53l\coll\root.res" 62
"..\..\..\Engine\Content\Internationalization\icudt53l\numberingSystems.res" 63
"..\..\..\Engine\Content\Internationalization\icudt53l\curr\supplementalData.res" 64
"..\..\..\Engine\Content\Internationalization\icudt53l\curr\pool.res" 65
"..\..\..\Engine\Content\Internationalization\icudt53l\curr\en.res" 66
"..\..\..\Engine\Content\Internationalization\icudt53l\curr\root.res" 67
"..\..\..\Engine\Content\Internationalization\icudt53l\de_DE.res" 68
"..\..\..\Engine\Content\Internationalization\icudt53l\de.res" 69
"..\..\..\Engine\Content\Internationalization\icudt53l\plurals.res" 70
"..\..\..\Engine\Content\Internationalization\icudt53l\windowsZones.res" 71
"..\..\..\Engine\Content\Internationalization\icudt53l\zoneinfo64.res" 72
"..\..\..\Engine\Content\Internationalization\icudt53l\keyTypeData.res" 73
"..\..\..\Engine\Content\Internationalization\icudt53l\timezoneTypes.res" 74
"..\..\..\Engine\Content\Internationalization\icudt53l\supplementalData.res" 75
"..\..\..\Engine\Content\Internationalization\icudt53l\likelySubtags.res" 76
"..\..\..\Engine\Content\Internationalization\icudt53l\coll\de.res" 77
"..\..\..\Engine\Content\Internationalization\icudt53l\curr\de.res" 78
"../../../Engine/Config/Base.ini" 79
"../../../Engine/Config/BaseEngine.ini" 80
"D:/Programmierung/Unreal/CardboardVR/MegaBall/Config/DefaultEngine.ini" 81
"../../../Engine/Config/Windows/WindowsEngine.ini" 82
"C:/Users/makloster/AppData/Local/Unreal Engine/Engine/Config/UserEngine.ini" 83
"D:/Programmierung/Unreal/CardboardVR/MegaBall/Saved/Config/Windows/Engine.ini" 84
"D:/Programmierung/Unreal/CardboardVR/MegaBall/Intermediate/Config/CoalescedSourceConfigs/Engine.ini" 85
"../../../Engine/Config/BaseGame.ini" 86
"D:/Programmierung/Unreal/CardboardVR/MegaBall/Saved/Config/Windows/Game.ini" 87
"D:/Programmierung/Unreal/CardboardVR/MegaBall/Intermediate/Config/CoalescedSourceConfigs/Game.ini" 88
"../../../Engine/Config/BaseInput.ini" 89
"D:/Programmierung/Unreal/CardboardVR/MegaBall/Config/DefaultInput.ini" 90
"D:/Programmierung/Unreal/CardboardVR/MegaBall/Saved/Config/Windows/Input.ini" 91
"D:/Programmierung/Unreal/CardboardVR/MegaBall/Intermediate/Config/CoalescedSourceConfigs/Input.ini" 92
"../../../Engine/Config/BaseEditor.ini" 93
"D:/Programmierung/Unreal/CardboardVR/MegaBall/Config/DefaultEditor.ini" 94
"D:/Programmierung/Unreal/CardboardVR/MegaBall/Saved/Config/Windows/Editor.ini" 95
"D:/Programmierung/Unreal/CardboardVR/MegaBall/Intermediate/Config/CoalescedSourceConfigs/Editor.ini" 96
"../../../Engine/Config/BaseEditorLayout.ini" 97
"D:/Programmierung/Unreal/CardboardVR/MegaBall/Saved/Config/Windows/EditorLayout.ini" 98
"D:/Programmierung/Unreal/CardboardVR/MegaBall/Intermediate/Config/CoalescedSourceConfigs/EditorLayout.ini" 99
"../../../Engine/Config/BaseEditorUserSettings.ini" 100
"D:/Programmierung/Unreal/CardboardVR/MegaBall/Saved/Config/Windows/EditorUserSettings.ini" 101
"D:/Programmierung/Unreal/CardboardVR/MegaBall/Intermediate/Config/CoalescedSourceConfigs/EditorUserSettings.ini" 102
"../../../Engine/Config/BaseEditorKeyBindings.ini" 103
"D:/Programmierung/Unreal/CardboardVR/MegaBall/Saved/Config/Windows/EditorKeyBindings.ini" 104
"D:/Programmierung/Unreal/CardboardVR/MegaBall/Intermediate/Config/CoalescedSourceConfigs/EditorKeyBindings.ini" 105
"../../../Engine/Config/BaseCompat.ini" 106
"D:/Programmierung/Unreal/CardboardVR/MegaBall/Saved/Config/Windows/Compat.ini" 107
"D:/Programmierung/Unreal/CardboardVR/MegaBall/Intermediate/Config/CoalescedSourceConfigs/Compat.ini" 108
"../../../Engine/Config/BaseLightmass.ini" 109
"D:/Programmierung/Unreal/CardboardVR/MegaBall/Saved/Config/Windows/Lightmass.ini" 110
"D:/Programmierung/Unreal/CardboardVR/MegaBall/Intermediate/Config/CoalescedSourceConfigs/Lightmass.ini" 111
"../../../Engine/Config/BaseScalability.ini" 112
"D:/Programmierung/Unreal/CardboardVR/MegaBall/Saved/Config/Windows/Scalability.ini" 113
"D:/Programmierung/Unreal/CardboardVR/MegaBall/Intermediate/Config/CoalescedSourceConfigs/Scalability.ini" 114
"D:/Programmierung/Unreal/CardboardVR/MegaBall/Saved/Config/Windows/GameUserSettings.ini" 115
"D:/Programmierung/Unreal/CardboardVR/MegaBall/Intermediate/Config/CoalescedSourceConfigs/GameUserSettings.ini" 116
"../../../Engine/Config/BaseDeviceProfiles.ini" 117
"D:/Programmierung/Unreal/CardboardVR/MegaBall/Saved/Config/Windows/DeviceProfiles.ini" 118
"D:/Programmierung/Unreal/CardboardVR/MegaBall/Intermediate/Config/CoalescedSourceConfigs/DeviceProfiles.ini" 119
"../../../Engine/Config/ConsoleVariables.ini" 120
"..\..\..\Engine\Content\Internationalization\icudt53l\es.res" 121
"..\..\..\Engine\Content\Internationalization\icudt53l\coll\es.res" 122
"..\..\..\Engine\Content\Internationalization\icudt53l\curr\es.res" 123
"..\..\..\Engine\Content\Internationalization\icudt53l\es_ES.res" 124
"..\..\..\Engine\Content\Internationalization\icudt53l\ja.res" 125
"..\..\..\Engine\Content\Internationalization\icudt53l\coll\ja.res" 126
"..\..\..\Engine\Content\Internationalization\icudt53l\curr\ja.res" 127
"..\..\..\Engine\Content\Internationalization\icudt53l\ja_JP.res" 128
"..\..\..\Engine\Content\Internationalization\icudt53l\ko.res" 129
"..\..\..\Engine\Content\Internationalization\icudt53l\coll\ko.res" 130
"..\..\..\Engine\Content\Internationalization\icudt53l\curr\ko.res" 131
"..\..\..\Engine\Content\Internationalization\icudt53l\ko_KR.res" 132
"..\..\..\Engine\Content\Internationalization\icudt53l\pt_BR.res" 133
"..\..\..\Engine\Content\Internationalization\icudt53l\pt.res" 134
"..\..\..\Engine\Content\Internationalization\icudt53l\coll\pt.res" 135
"..\..\..\Engine\Content\Internationalization\icudt53l\curr\pt.res" 136
"..\..\..\Engine\Content\Internationalization\icudt53l\zh_CN.res" 137
"..\..\..\Engine\Content\Internationalization\icudt53l\zh_Hans_CN.res" 138
"..\..\..\Engine\Content\Internationalization\icudt53l\zh_Hans.res" 139
"..\..\..\Engine\Content\Internationalization\icudt53l\zh.res" 140
"..\..\..\Engine\Content\Internationalization\icudt53l\coll\zh_CN.res" 141
"..\..\..\Engine\Content\Internationalization\icudt53l\coll\zh_Hans_CN.res" 142
"..\..\..\Engine\Content\Internationalization\icudt53l\coll\zh_Hans.res" 143
"..\..\..\Engine\Content\Internationalization\icudt53l\coll\zh.res" 144
"..\..\..\Engine\Content\Internationalization\icudt53l\curr\zh_CN.res" 145
"..\..\..\Engine\Content\Internationalization\icudt53l\curr\zh_Hans_CN.res" 146
"..\..\..\Engine\Content\Internationalization\icudt53l\curr\zh_Hans.res" 147
"..\..\..\Engine\Content\Internationalization\icudt53l\curr\zh.res" 148
"C:/Program Files/Epic Games/4.7/Engine/Content/Localization/Engine/en/Engine.locres" 149
"C:/Program Files/Epic Games/4.7/Engine/Content/Localization/Editor/en/Editor.locres" 150
"C:/Program Files/Epic Games/4.7/Engine/Content/Localization/EditorTutorials/en/EditorTutorials.locres" 151
"../../../Engine/Content/Slate/Fonts/Roboto-Regular.ttf" 152
"../../../Engine/Content/Slate/Fonts/DroidSansMono.ttf" 153
"../../../Engine/Content/Slate/Fonts/Roboto-Bold.ttf" 154
"../../../Engine/Content/Slate/Fonts/Roboto-Light.ttf" 155
"C:/Program Files/Epic Games/4.7/Engine/Binaries/Win64/../../../Engine/Shaders/ParticleSpriteVertexFactory.usf" 156
"C:/Program Files/Epic Games/4.7/Engine/Binaries/Win64/../../../Engine/Shaders/VertexFactoryCommon.usf" 157
"C:/Program Files/Epic Games/4.7/Engine/Binaries/Win64/../../../Engine/Shaders/Common.usf" 158
"C:/Program Files/Epic Games/4.7/Engine/Binaries/Win64/../../../Engine/Shaders/MetalCommon.usf" 159
"C:/Program Files/Epic Games/4.7/Engine/Binaries/Win64/../../../Engine/Shaders/ShaderVersion.usf" 160
"C:/Program Files/Epic Games/4.7/Engine/Binaries/Win64/../../../Engine/Shaders/Definitions.usf" 161
"C:/Program Files/Epic Games/4.7/Engine/Binaries/Win64/../../../Engine/Shaders/Random.usf" 162
"C:/Program Files/Epic Games/4.7/Engine/Binaries/Win64/../../../Engine/Shaders/ParticleVertexFactoryCommon.usf" 163
"C:/Program Files/Epic Games/4.7/Engine/Binaries/Win64/../../../Engine/Shaders/ParticleGPUSpriteVertexFactory.usf" 164
"C:/Program Files/Epic Games/4.7/Engine/Binaries/Win64/../../../Engine/Shaders/ParticleBeamTrailVertexFactory.usf" 165
"C:/Program Files/Epic Games/4.7/Engine/Binaries/Win64/../../../Engine/Shaders/VectorFieldVisualizationVertexFactory.usf" 166
"C:/Program Files/Epic Games/4.7/Engine/Binaries/Win64/../../../Engine/Shaders/LocalVertexFactory.usf" 167
"C:/Program Files/Epic Games/4.7/Engine/Binaries/Win64/../../../Engine/Shaders/LocalVertexFactoryCommon.usf" 168
"C:/Program Files/Epic Games/4.7/Engine/Binaries/Win64/../../../Engine/Shaders/MeshParticleVertexFactory.usf" 169
"C:/Program Files/Epic Games/4.7/Engine/Binaries/Win64/../../../Engine/Shaders/GpuSkinVertexFactory.usf" 170
"C:/Program Files/Epic Games/4.7/Engine/Binaries/Win64/../../../Engine/Shaders/GpuSkinCacheCommon.usf" 171
"C:/Program Files/Epic Games/4.7/Engine/Binaries/Win64/../../../Engine/Shaders/LandscapeVertexFactory.usf" 172
"C:/Program Files/Epic Games/4.7/Engine/Binaries/Win64/../../../Engine/Shaders/SlateElementPixelShader.usf" 173
"C:/Program Files/Epic Games/4.7/Engine/Binaries/Win64/../../../Engine/Shaders/MaterialTemplate.usf" 174
"C:/Program Files/Epic Games/4.7/Engine/Binaries/Win64/../../../Engine/Shaders/DepthOfFieldCommon.usf" 175
"C:/Program Files/Epic Games/4.7/Engine/Binaries/Win64/../../../Engine/Shaders/SpeedTreeCommon.usf" 176
"C:/Program Files/Epic Games/4.7/Engine/Binaries/Win64/../../../Engine/Shaders/AtmosphereCommon.usf" 177
"C:/Program Files/Epic Games/4.7/Engine/Binaries/Win64/../../../Engine/Shaders/PostProcessCommon.usf" 178
"C:/Program Files/Epic Games/4.7/Engine/Binaries/Win64/../../../Engine/Shaders/DeferredShadingCommon.usf" 179
"C:/Program Files/Epic Games/4.7/Engine/Binaries/Win64/../../../Engine/Shaders/LightAccumulator.usf" 180
"C:/Program Files/Epic Games/4.7/Engine/Binaries/Win64/../../../Engine/Shaders/SlateVertexShader.usf" 181
"C:/Program Files/Epic Games/4.7/Engine/Binaries/Win64/../../../Engine/Shaders/OneColorShader.usf" 182
"C:/Program Files/Epic Games/4.7/Engine/Binaries/Win64/../../../Engine/Shaders/ResolveVertexShader.usf" 183
"C:/Program Files/Epic Games/4.7/Engine/Binaries/Win64/../../../Engine/Shaders/ResolvePixelShader.usf" 184
"C:/Program Files/Epic Games/4.7/Engine/Binaries/Win64/../../../Engine/Shaders/VisualizeTexture.usf" 185
"C:/Program Files/Epic Games/4.7/Engine/Binaries/Win64/../../../Engine/Shaders/ScreenSpaceReflections.usf" 186
"C:/Program Files/Epic Games/4.7/Engine/Binaries/Win64/../../../Engine/Shaders/BRDF.usf" 187
"C:/Program Files/Epic Games/4.7/Engine/Binaries/Win64/../../../Engine/Shaders/MonteCarlo.usf" 188
"C:/Program Files/Epic Games/4.7/Engine/Binaries/Win64/../../../Engine/Shaders/FilterVertexShader.usf" 189
"C:/Program Files/Epic Games/4.7/Engine/Binaries/Win64/../../../Engine/Shaders/FilterPixelShader.usf" 190
"C:/Program Files/Epic Games/4.7/Engine/Binaries/Win64/../../../Engine/Shaders/PostProcessVisualizeHDR.usf" 191
"C:/Program Files/Epic Games/4.7/Engine/Binaries/Win64/../../../Engine/Shaders/PostProcessHistogramCommon.usf" 192
"C:/Program Files/Epic Games/4.7/Engine/Binaries/Win64/../../../Engine/Shaders/TonemapCommon.usf" 193
"C:/Program Files/Epic Games/4.7/Engine/Binaries/Win64/../../../Engine/Shaders/MiniFontCommon.usf" 194
"C:/Program Files/Epic Games/4.7/Engine/Binaries/Win64/../../../Engine/Shaders/PostProcessVisualizeBuffer.usf" 195
"C:/Program Files/Epic Games/4.7/Engine/Binaries/Win64/../../../Engine/Shaders/PostProcessUpscale.usf" 196
"C:/Program Files/Epic Games/4.7/Engine/Binaries/Win64/../../../Engine/Shaders/PostProcessTonemap.usf" 197
"C:/Program Files/Epic Games/4.7/Engine/Binaries/Win64/../../../Engine/Shaders/PostProcessTestImage.usf" 198
"C:/Program Files/Epic Games/4.7/Engine/Binaries/Win64/../../../Engine/Shaders/PostProcessTemporalAA.usf" 199
"C:/Program Files/Epic Games/4.7/Engine/Binaries/Win64/../../../Engine/Shaders/PostProcessTemporalCommon.usf" 200
"C:/Program Files/Epic Games/4.7/Engine/Binaries/Win64/../../../Engine/Shaders/PostProcessSubsurface.usf" 201
"C:/Program Files/Epic Games/4.7/Engine/Binaries/Win64/../../../Engine/Shaders/SeparableSSS.usf" 202
"C:/Program Files/Epic Games/4.7/Engine/Binaries/Win64/../../../Engine/Shaders/PostProcessSelectionOutline.usf" 203
"C:/Program Files/Epic Games/4.7/Engine/Binaries/Win64/../../../Engine/Shaders/PostProcessSceneColorFringe.usf" 204
"C:/Program Files/Epic Games/4.7/Engine/Binaries/Win64/../../../Engine/Shaders/PostProcessNoiseBlur.usf" 205
"C:/Program Files/Epic Games/4.7/Engine/Binaries/Win64/../../../Engine/Shaders/PostProcessMotionBlur.usf" 206
"C:/Program Files/Epic Games/4.7/Engine/Binaries/Win64/../../../Engine/Shaders/PostProcessMobile.usf" 207
"C:/Program Files/Epic Games/4.7/Engine/Binaries/Win64/../../../Engine/Shaders/PostProcessMaterialShaders.usf" 208
"C:/Program Files/Epic Games/4.7/Engine/Binaries/Win64/../../../Engine/Shaders/PostProcessLensFlares.usf" 209
"C:/Program Files/Epic Games/4.7/Engine/Binaries/Win64/../../../Engine/Shaders/PostProcessLensBlur.usf" 210
"C:/Program Files/Epic Games/4.7/Engine/Binaries/Win64/../../../Engine/Shaders/PostProcessBloom.usf" 211
"C:/Program Files/Epic Games/4.7/Engine/Binaries/Win64/../../../Engine/Shaders/PostProcessHMD.usf" 212
"C:/Program Files/Epic Games/4.7/Engine/Binaries/Win64/../../../Engine/Shaders/PostProcessHistogramReduce.usf" 213
"C:/Program Files/Epic Games/4.7/Engine/Binaries/Win64/../../../Engine/Shaders/PostProcessHistogram.usf" 214
"C:/Program Files/Epic Games/4.7/Engine/Binaries/Win64/../../../Engine/Shaders/PostProcessGBufferHints.usf" 215
"C:/Program Files/Epic Games/4.7/Engine/Binaries/Win64/../../../Engine/Shaders/PostProcessEyeAdaptation.usf" 216
"C:/Program Files/Epic Games/4.7/Engine/Binaries/Win64/../../../Engine/Shaders/PostProcessDownsample.usf" 217
"C:/Program Files/Epic Games/4.7/Engine/Binaries/Win64/../../../Engine/Shaders/PostProcessDOF.usf" 218
"C:/Program Files/Epic Games/4.7/Engine/Binaries/Win64/../../../Engine/Shaders/PostProcessCompositeEditorPrimitives.usf" 219
"C:/Program Files/Epic Games/4.7/Engine/Binaries/Win64/../../../Engine/Shaders/PostProcessCombineLUTs.usf" 220
"C:/Program Files/Epic Games/4.7/Engine/Binaries/Win64/../../../Engine/Shaders/PostProcessBusyWait.usf" 221
"C:/Program Files/Epic Games/4.7/Engine/Binaries/Win64/../../../Engine/Shaders/PostProcessBokehDOF.usf" 222
"C:/Program Files/Epic Games/4.7/Engine/Binaries/Win64/../../../Engine/Shaders/FXAAShader.usf" 223
"C:/Program Files/Epic Games/4.7/Engine/Binaries/Win64/../../../Engine/Shaders/Fxaa3_11.usf" 224
"C:/Program Files/Epic Games/4.7/Engine/Binaries/Win64/../../../Engine/Shaders/PostProcessPassThrough.usf" 225
"C:/Program Files/Epic Games/4.7/Engine/Binaries/Win64/../../../Engine/Shaders/PostProcessLpvIndirect.usf" 226
"C:/Program Files/Epic Games/4.7/Engine/Binaries/Win64/../../../Engine/Shaders/DeferredLightingCommon.usf" 227
"C:/Program Files/Epic Games/4.7/Engine/Binaries/Win64/../../../Engine/Shaders/DynamicLightingCommon.usf" 228
"C:/Program Files/Epic Games/4.7/Engine/Binaries/Win64/../../../Engine/Shaders/IESLightProfilesCommon.usf" 229
"C:/Program Files/Epic Games/4.7/Engine/Binaries/Win64/../../../Engine/Shaders/LPVFinalPass.usf" 230
"C:/Program Files/Epic Games/4.7/Engine/Binaries/Win64/../../../Engine/Shaders/LPVCommon.usf" 231
"C:/Program Files/Epic Games/4.7/Engine/Binaries/Win64/../../../Engine/Shaders/DeferredDecal.usf" 232
"C:/Program Files/Epic Games/4.7/Engine/Binaries/Win64/../../../Engine/Shaders/PostProcessAmbientOcclusion.usf" 233
"C:/Program Files/Epic Games/4.7/Engine/Binaries/Win64/../../../Engine/Shaders/PostProcessAmbient.usf" 234
"C:/Program Files/Epic Games/4.7/Engine/Binaries/Win64/../../../Engine/Shaders/CubemapCommon.usf" 235
"C:/Program Files/Epic Games/4.7/Engine/Binaries/Win64/../../../Engine/Shaders/VelocityShader.usf" 236
"C:/Program Files/Epic Games/4.7/Engine/Binaries/Win64/../../../Engine/Shaders/Tessellation.usf" 237
"C:/Program Files/Epic Games/4.7/Engine/Binaries/Win64/../../../Engine/Shaders/FlatTessellation.usf" 238
"C:/Program Files/Epic Games/4.7/Engine/Binaries/Win64/../../../Engine/Shaders/PNTriangles.usf" 239
"C:/Program Files/Epic Games/4.7/Engine/Binaries/Win64/../../../Engine/Shaders/TranslucentLightingShaders.usf" 240
"C:/Program Files/Epic Games/4.7/Engine/Binaries/Win64/../../../Engine/Shaders/SHCommon.usf" 241
"C:/Program Files/Epic Games/4.7/Engine/Binaries/Win64/../../../Engine/Shaders/ShadowProjectionCommon.usf" 242
"C:/Program Files/Epic Games/4.7/Engine/Binaries/Win64/../../../Engine/Shaders/TranslucentLightInjectionShaders.usf" 243
"C:/Program Files/Epic Games/4.7/Engine/Binaries/Win64/../../../Engine/Shaders/LightFunctionCommon.usf" 244
"C:/Program Files/Epic Games/4.7/Engine/Binaries/Win64/../../../Engine/Shaders/TranslucentShadowDepthShaders.usf" 245
"C:/Program Files/Epic Games/4.7/Engine/Binaries/Win64/../../../Engine/Shaders/ShadowDepthCommon.usf" 246
"C:/Program Files/Epic Games/4.7/Engine/Binaries/Win64/../../../Engine/Shaders/TiledDeferredLightShaders.usf" 247
"C:/Program Files/Epic Games/4.7/Engine/Binaries/Win64/../../../Engine/Shaders/ShadowProjectionPixelShader.usf" 248
"C:/Program Files/Epic Games/4.7/Engine/Binaries/Win64/../../../Engine/Shaders/ShadowFilteringCommon.usf" 249
"C:/Program Files/Epic Games/4.7/Engine/Binaries/Win64/../../../Engine/Shaders/ShadowProjectionVertexShader.usf" 250
"C:/Program Files/Epic Games/4.7/Engine/Binaries/Win64/../../../Engine/Shaders/ShadowDepthPixelShader.usf" 251
"C:/Program Files/Epic Games/4.7/Engine/Binaries/Win64/../../../Engine/Shaders/LPVWriteVplCommon.usf" 252
"C:/Program Files/Epic Games/4.7/Engine/Binaries/Win64/../../../Engine/Shaders/LPVWriteCommon.usf" 253
"C:/Program Files/Epic Games/4.7/Engine/Binaries/Win64/../../../Engine/Shaders/ShadowDepthVertexShader.usf" 254
"C:/Program Files/Epic Games/4.7/Engine/Binaries/Win64/../../../Engine/Shaders/ShaderComplexityApplyPixelShader.usf" 255
"C:/Program Files/Epic Games/4.7/Engine/Binaries/Win64/../../../Engine/Shaders/ShaderComplexityApplyVertexShader.usf" 256
"C:/Program Files/Epic Games/4.7/Engine/Binaries/Win64/../../../Engine/Shaders/ShaderComplexityAccumulatePixelShader.usf" 257
"C:/Program Files/Epic Games/4.7/Engine/Binaries/Win64/../../../Engine/Shaders/HZBOcclusion.usf" 258
"C:/Program Files/Epic Games/4.7/Engine/Binaries/Win64/../../../Engine/Shaders/OcclusionQueryVertexShader.usf" 259
"C:/Program Files/Epic Games/4.7/Engine/Binaries/Win64/../../../Engine/Shaders/HitProxyPixelShader.usf" 260
"C:/Program Files/Epic Games/4.7/Engine/Binaries/Win64/../../../Engine/Shaders/HitProxyVertexShader.usf" 261
"C:/Program Files/Epic Games/4.7/Engine/Binaries/Win64/../../../Engine/Shaders/ReflectionEnvironmentShaders.usf" 262
"C:/Program Files/Epic Games/4.7/Engine/Binaries/Win64/../../../Engine/Shaders/ReflectionEnvironmentShared.usf" 263
"C:/Program Files/Epic Games/4.7/Engine/Binaries/Win64/../../../Engine/Shaders/SkyLightingShared.usf" 264
"C:/Program Files/Epic Games/4.7/Engine/Binaries/Win64/../../../Engine/Shaders/ReflectionEnvironmentComputeShaders.usf" 265
"C:/Program Files/Epic Games/4.7/Engine/Binaries/Win64/../../../Engine/Shaders/LightShaftShader.usf" 266
"C:/Program Files/Epic Games/4.7/Engine/Binaries/Win64/../../../Engine/Shaders/StationaryLightOverlapShaders.usf" 267
"C:/Program Files/Epic Games/4.7/Engine/Binaries/Win64/../../../Engine/Shaders/DeferredLightPixelShaders.usf" 268
"C:/Program Files/Epic Games/4.7/Engine/Binaries/Win64/../../../Engine/Shaders/DeferredLightVertexShaders.usf" 269
"C:/Program Files/Epic Games/4.7/Engine/Binaries/Win64/../../../Engine/Shaders/LPVVisualise.usf" 270
"C:/Program Files/Epic Games/4.7/Engine/Binaries/Win64/../../../Engine/Shaders/LPVGeometryVolumeCommon.usf" 271
"C:/Program Files/Epic Games/4.7/Engine/Binaries/Win64/../../../Engine/Shaders/LPVDirectLightInject.usf" 272
"C:/Program Files/Epic Games/4.7/Engine/Binaries/Win64/../../../Engine/Shaders/LPVPropagate.usf" 273
"C:/Program Files/Epic Games/4.7/Engine/Binaries/Win64/../../../Engine/Shaders/LPVBuildGeometryVolume.usf" 274
"C:/Program Files/Epic Games/4.7/Engine/Binaries/Win64/../../../Engine/Shaders/LPVInject_AccumulateVplLists.usf" 275
"C:/Program Files/Epic Games/4.7/Engine/Binaries/Win64/../../../Engine/Shaders/LPVInject_GenerateVplLists.usf" 276
"C:/Program Files/Epic Games/4.7/Engine/Binaries/Win64/../../../Engine/Shaders/LPVClearLists.usf" 277
"C:/Program Files/Epic Games/4.7/Engine/Binaries/Win64/../../../Engine/Shaders/LPVClear.usf" 278
"C:/Program Files/Epic Games/4.7/Engine/Binaries/Win64/../../../Engine/Shaders/LightMapDensityShader.usf" 279
"C:/Program Files/Epic Games/4.7/Engine/Binaries/Win64/../../../Engine/Shaders/LightFunctionPixelShader.usf" 280
"C:/Program Files/Epic Games/4.7/Engine/Binaries/Win64/../../../Engine/Shaders/LightFunctionVertexShader.usf" 281
"C:/Program Files/Epic Games/4.7/Engine/Binaries/Win64/../../../Engine/Shaders/HdrCustomResolveShaders.usf" 282
"C:/Program Files/Epic Games/4.7/Engine/Binaries/Win64/../../../Engine/Shaders/GPUBenchmark.usf" 283
"C:/Program Files/Epic Games/4.7/Engine/Binaries/Win64/../../../Engine/Shaders/GammaCorrection.usf" 284
"C:/Program Files/Epic Games/4.7/Engine/Binaries/Win64/../../../Engine/Shaders/BasePassForForwardShadingPixelShader.usf" 285
"C:/Program Files/Epic Games/4.7/Engine/Binaries/Win64/../../../Engine/Shaders/BasePassForForwardShadingCommon.usf" 286
"C:/Program Files/Epic Games/4.7/Engine/Binaries/Win64/../../../Engine/Shaders/LightmapCommon.usf" 287
"C:/Program Files/Epic Games/4.7/Engine/Binaries/Win64/../../../Engine/Shaders/BasePassForForwardShadingVertexShader.usf" 288
"C:/Program Files/Epic Games/4.7/Engine/Binaries/Win64/../../../Engine/Shaders/HeightFogCommon.usf" 289
"C:/Program Files/Epic Games/4.7/Engine/Binaries/Win64/../../../Engine/Shaders/HeightFogPixelShader.usf" 290
"C:/Program Files/Epic Games/4.7/Engine/Binaries/Win64/../../../Engine/Shaders/HeightFogVertexShader.usf" 291
"C:/Program Files/Epic Games/4.7/Engine/Binaries/Win64/../../../Engine/Shaders/DistortAccumulatePS.usf" 292
"C:/Program Files/Epic Games/4.7/Engine/Binaries/Win64/../../../Engine/Shaders/DistortAccumulateVS.usf" 293
"C:/Program Files/Epic Games/4.7/Engine/Binaries/Win64/../../../Engine/Shaders/DistortApplyScreenPS.usf" 294
"C:/Program Files/Epic Games/4.7/Engine/Binaries/Win64/../../../Engine/Shaders/DistanceFieldSurfaceCacheLighting.usf" 295
"C:/Program Files/Epic Games/4.7/Engine/Binaries/Win64/../../../Engine/Shaders/DistanceFieldLightingShared.usf" 296
"C:/Program Files/Epic Games/4.7/Engine/Binaries/Win64/../../../Engine/Shaders/DistanceFieldAOShared.usf" 297
"C:/Program Files/Epic Games/4.7/Engine/Binaries/Win64/../../../Engine/Shaders/SkyLighting.usf" 298
"C:/Program Files/Epic Games/4.7/Engine/Binaries/Win64/../../../Engine/Shaders/DistanceFieldSurfaceCacheLightingCompute.usf" 299
"C:/Program Files/Epic Games/4.7/Engine/Binaries/Win64/../../../Engine/Shaders/DistanceFieldShadowing.usf" 300
"C:/Program Files/Epic Games/4.7/Engine/Binaries/Win64/../../../Engine/Shaders/DepthOnlyPixelShader.usf" 301
"C:/Program Files/Epic Games/4.7/Engine/Binaries/Win64/../../../Engine/Shaders/DepthOnlyVertexShader.usf" 302
"C:/Program Files/Epic Games/4.7/Engine/Binaries/Win64/../../../Engine/Shaders/PositionOnlyDepthVertexShader.usf" 303
"C:/Program Files/Epic Games/4.7/Engine/Binaries/Win64/../../../Engine/Shaders/DownsampleDepthPixelShader.usf" 304
"C:/Program Files/Epic Games/4.7/Engine/Binaries/Win64/../../../Engine/Shaders/BasePassPixelShader.usf" 305
"C:/Program Files/Epic Games/4.7/Engine/Binaries/Win64/../../../Engine/Shaders/BasePassCommon.usf" 306
"C:/Program Files/Epic Games/4.7/Engine/Binaries/Win64/../../../Engine/Shaders/BasePassVertexShader.usf" 307
"C:/Program Files/Epic Games/4.7/Engine/Binaries/Win64/../../../Engine/Shaders/BasePassVertexCommon.usf" 308
"C:/Program Files/Epic Games/4.7/Engine/Binaries/Win64/../../../Engine/Shaders/BasePassTessellationShaders.usf" 309
"C:/Program Files/Epic Games/4.7/Engine/Binaries/Win64/../../../Engine/Shaders/AtmospherePrecompute.usf" 310
"C:/Program Files/Epic Games/4.7/Engine/Binaries/Win64/../../../Engine/Shaders/AtmospherePrecomputeCommon.usf" 311
"C:/Program Files/Epic Games/4.7/Engine/Binaries/Win64/../../../Engine/Shaders/AtmospherePrecomputeInscatter.usf" 312
"C:/Program Files/Epic Games/4.7/Engine/Binaries/Win64/../../../Engine/Shaders/AtmosphericFogShader.usf" 313
"C:/Program Files/Epic Games/4.7/Engine/Binaries/Win64/../../../Engine/Shaders/ParticleSortKeyGen.usf" 314
"C:/Program Files/Epic Games/4.7/Engine/Binaries/Win64/../../../Engine/Shaders/ParticleBoundsShader.usf" 315
"C:/Program Files/Epic Games/4.7/Engine/Binaries/Win64/../../../Engine/Shaders/ParticleSimVisualizeShader.usf" 316
"C:/Program Files/Epic Games/4.7/Engine/Binaries/Win64/../../../Engine/Shaders/ParticleInjectionShader.usf" 317
"C:/Program Files/Epic Games/4.7/Engine/Binaries/Win64/../../../Engine/Shaders/ParticleSimulationShader.usf" 318
"C:/Program Files/Epic Games/4.7/Engine/Binaries/Win64/../../../Engine/Shaders/ParticleCurveInjectionShader.usf" 319
"C:/Program Files/Epic Games/4.7/Engine/Binaries/Win64/../../../Engine/Shaders/VectorFieldCompositeShaders.usf" 320
"C:/Program Files/Epic Games/4.7/Engine/Binaries/Win64/../../../Engine/Shaders/UpdateTextureShaders.usf" 321
"C:/Program Files/Epic Games/4.7/Engine/Binaries/Win64/../../../Engine/Shaders/SimpleElementColorChannelMaskPixelShader.usf" 322
"C:/Program Files/Epic Games/4.7/Engine/Binaries/Win64/../../../Engine/Shaders/SimpleElementHitProxyPixelShader.usf" 323
"C:/Program Files/Epic Games/4.7/Engine/Binaries/Win64/../../../Engine/Shaders/SimpleElementPixelShader.usf" 324
"C:/Program Files/Epic Games/4.7/Engine/Binaries/Win64/../../../Engine/Shaders/ColorUtils.usf" 325
"C:/Program Files/Epic Games/4.7/Engine/Binaries/Win64/../../../Engine/Shaders/SimpleElementVertexShader.usf" 326
"C:/Program Files/Epic Games/4.7/Engine/Binaries/Win64/../../../Engine/Shaders/ScreenVertexShader.usf" 327
"C:/Program Files/Epic Games/4.7/Engine/Binaries/Win64/../../../Engine/Shaders/ScreenPixelShader.usf" 328
"C:/Program Files/Epic Games/4.7/Engine/Binaries/Win64/../../../Engine/Shaders/RadixSortShaders.usf" 329
"C:/Program Files/Epic Games/4.7/Engine/Binaries/Win64/../../../Engine/Shaders/GpuSkinCacheComputeShader.usf" 330
"C:/Program Files/Epic Games/4.7/Engine/Binaries/Win64/../../../Engine/Shaders/NullPixelShader.usf" 331
"C:/Program Files/Epic Games/4.7/Engine/Binaries/Win64/../../../Engine/Shaders/ClearReplacementShaders.usf" 332
"C:/Program Files/Epic Games/4.7/Engine/Binaries/Win64/../../../Engine/Shaders/SimpleElementTexture2DPreviewPixelShader.usf" 333
"C:/Program Files/Epic Games/4.7/Engine/Binaries/Win64/../../../Engine/Shaders/SimpleElementNormalMapPixelShader.usf" 334
"C:/Program Files/Epic Games/4.7/Engine/Binaries/Win64/../../../Engine/Shaders/meshpaintdilatepixelshader.usf" 335
"C:/Program Files/Epic Games/4.7/Engine/Binaries/Win64/../../../Engine/Shaders/meshpaintdilatevertexshader.usf" 336
"C:/Program Files/Epic Games/4.7/Engine/Binaries/Win64/../../../Engine/Shaders/MeshPaintPixelShader.usf" 337
"C:/Program Files/Epic Games/4.7/Engine/Binaries/Win64/../../../Engine/Shaders/MeshPaintVertexShader.usf" 338
"../../../Engine/Config/Android/AndroidEngine.ini" 339
"../../../Engine/Config/HTML5/HTML5Engine.ini" 340
"../../../Engine/Config/IOS/IOSEngine.ini" 341
"../../../Engine/Config/Linux/LinuxEngine.ini" 342
"C:/Users/makloster/AppData/Local/UnrealEngine/4.7/DerivedDataCache/Boot.ddc" 343
"../../../Engine/DerivedDataCache/Compressed.ddp" 344
"../../../Engine/Content/EngineFonts/Roboto.uasset" 345
"../../../Engine/Content/EngineMaterials/Widget3DPassThrough_Translucent.uasset" 346
"../../../Engine/Content/EngineMaterials/Widget3DPassThrough.uasset" 347
"../../../Engine/Content/EngineResources/WhiteSquareTexture.uasset" 348
"../../../Engine/Content/Functions/Engine_MaterialFunctions01/Shading/PowerToRoughness.uasset" 349
"../../../Engine/Content/Functions/Engine_MaterialFunctions01/Shading/ConvertFromDiffSpec.uasset" 350
"../../../Engine/Content/EngineMaterials/WorldGridMaterial.uasset" 351
"../../../Engine/Content/Functions/Engine_MaterialFunctions01/Opacity/CameraDepthFade.uasset" 352
"../../../Engine/Content/EngineMaterials/T_Default_Material_Grid_M.uasset" 353
"../../../Engine/Content/EngineMaterials/T_Default_Material_Grid_N.uasset" 354
"../../../Engine/Content/EngineMaterials/DefaultDeferredDecalMaterial.uasset" 355
"../../../Engine/Content/EngineMaterials/DefaultDiffuse.uasset" 356
"../../../Engine/Content/EngineMaterials/DefaultLightFunctionMaterial.uasset" 357
"../../../Engine/Content/EngineMaterials/DefaultPostProcessMaterial.uasset" 358
"../../../Engine/Content/Functions/Engine_MaterialFunctions02/Utility/BreakOutFloat2Components.uasset" 359
"../../../Engine/Content/EngineResources/DefaultTexture.uasset" 360
"../../../Engine/Content/EngineMaterials/Widget3DPassThrough_Translucent_OneSided.uasset" 361
"../../../Engine/Content/EngineMaterials/Widget3DPassThrough_Opaque.uasset" 362
"../../../Engine/Content/EngineMaterials/Widget3DPassThrough_Opaque_OneSided.uasset" 363
"../../../Engine/Content/EditorResources/S_Actor.uasset" 364
"../../../Engine/Content/EditorLandscapeResources/DataLayer.uasset" 365
"../../../Engine/Content/Maps/Templates/Thumbnails/Default.uasset" 366
"../../../Engine/Content/EditorMaterials/ParticleSystems/PSysThumbnail_NoImage.uasset" 367
"../../../Engine/Content/EditorMaterials/ParticleSystems/PSysThumbnail_OOD.uasset" 368
"../../../Engine/Content/EngineDamageTypes/DmgTypeBP_Environmental.uasset" 369
"../../../Engine/Content/EngineMeshes/Sphere.uasset" 370
"../../../Engine/Content/EngineFonts/RobotoDistanceField.uasset" 371
"../../../Engine/Content/EngineMaterials/DefaultTextMaterialOpaque.uasset" 372
"../../../Engine/Content/EditorResources/S_Trigger.uasset" 373
"../../../Engine/Content/EngineResources/GradientTexture0.uasset" 374
"../../../Engine/Content/EngineResources/Black.uasset" 375
"../../../Engine/Content/EditorMaterials/MatineeGroups/MAT_Groups_Float.uasset" 376
"../../../Engine/Content/EditorMaterials/MatineeGroups/MAT_Groups_Director.uasset" 377
"../../../Engine/Content/EditorMaterials/MatineeGroups/MAT_Groups_Event.uasset" 378
"../../../Engine/Content/EditorMaterials/MatineeGroups/MAT_Groups_Anim.uasset" 379
"../../../Engine/Content/EditorMaterials/MatineeGroups/MAT_Groups_Fade.uasset" 380
"../../../Engine/Content/EditorMaterials/MatineeGroups/MAT_Groups_Move.uasset" 381
"../../../Engine/Content/EditorMaterials/MatineeGroups/MAT_Groups_Slomo.uasset" 382
"../../../Engine/Content/EditorMaterials/MatineeGroups/MAT_ColorTrack.uasset" 383
"../../../Engine/Content/EditorMaterials/MAT_Groups_Toggle.uasset" 384
"../../../Engine/Content/EditorMaterials/MatineeGroups/MAT_Groups_AudioMaster.uasset" 385
"../../../Engine/Content/EditorMaterials/MatineeGroups/MAT_Groups_Sound.uasset" 386
"../../../Engine/Content/EditorMaterials/MatineeGroups/MAT_Groups_Vector.uasset" 387
"../../../Engine/Content/EditorMaterials/MAT_Groups_Visibility.uasset" 388
"../../../Engine/Content/EngineResources/DefaultTextureCube.uasset" 389
"../../../Engine/Content/EngineSounds/Master.uasset" 390
"../../../Engine/Content/EngineSounds/Music.uasset" 391
"../../../Engine/Content/EngineSounds/SFX.uasset" 392
"../../../Engine/Content/EngineSounds/Normal_Attack.uasset" 393
"../../../Engine/Content/EngineSounds/Special_Attack_PSM.uasset" 394
"../../../Engine/Content/EngineSounds/Duck_Normal_Attack_MixMod.uasset" 395
"../../../Engine/Content/EngineSounds/Voice.uasset" 396
"../../../Engine/Content/EngineMeshes/Cylinder.uasset" 397
"../../../Engine/Content/EngineMaterials/DefaultMaterial.uasset" 398
"../../../Engine/Content/EngineTireTypes/DefaultTireType.uasset" 399
"../../../Engine/Content/Editor/Slate/Fonts/FontAwesome.ttf" 400
"../../../Engine/Content/Editor/Slate/Fonts/DroidSansMono.ttf" 401
"../../../Engine/Content/Editor/Slate/Fonts/Roboto-BoldCondensed.ttf" 402
"../../../Engine/Content/Editor/Slate/Fonts/Roboto-Black.ttf" 403
"../../../Engine/Content/Editor/Slate/Fonts/Roboto-Italic.ttf" 404
"../../../Engine/Content/Editor/Slate/Fonts/Roboto-BoldCondensedItalic.ttf" 405
"../../../Engine/Plugins/2D/Paper2D/Content/MaskedUnlitSpriteMaterial.uasset" 406
"../../../Engine/Plugins/2D/Paper2D/Content/DefaultSpriteMaterial.uasset" 407
"../../../Engine/Plugins/2D/Paper2D/Content/DummySpriteTexture.uasset" 408
"../../../Engine/Plugins/2D/Paper2D/Content/OpaqueUnlitSpriteMaterial.uasset" 409
"../../../Engine/Plugins/2D/Paper2D/Content/DefaultPaperTerrainMaterial.uasset" 410
"../../../Engine/Plugins/2D/Paper2D/Content/DummySprite.uasset" 411
"C:/Users/makloster/AppData/Local/UnrealEngine/4.7/Saved/Config/Windows/SourceControlSettings.ini" 412
"D:/Programmierung/Unreal/CardboardVR/MegaBall/Intermediate/Config/CoalescedSourceConfigs/SourceControlSettings.ini" 413
"D:/Programmierung/Unreal/CardboardVR/MegaBall/Saved/Config/Windows/SourceControlSettings.ini" 414
"../../../Engine/Content/EngineMaterials/RemoveSurfaceMaterial.uasset" 415
"../../../Engine/Content/EngineDebugMaterials/DebugMeshMaterial.uasset" 416
"../../../Engine/Content/EngineMaterials/M_InvalidLightmapSettings.uasset" 417
"../../../Engine/Content/EngineMaterials/InvalidLightmapSettings.uasset" 418
"../../../Engine/Content/EditorMaterials/GizmoMaterial.uasset" 419
"../../../Engine/Content/EngineMaterials/Good64x64TilingNoiseHighFreq.uasset" 420
"../../../Engine/Content/EngineMaterials/DefaultBokeh.uasset" 421
"../../../Engine/Content/EngineMaterials/PreintegratedSkinBRDF.uasset" 422
"../../../Engine/Content/EngineMaterials/MiniFont.uasset" 423
"../../../Engine/Content/EngineMaterials/WeightMapPlaceholderTexture.uasset" 424
"../../../Engine/Content/EngineMaterials/DefaultWhiteGrid.uasset" 425
"../../../Engine/Content/EngineMaterials/DefaultPhysicalMaterial.uasset" 426
"../../../Engine/Content/EngineFonts/RobotoTiny.uasset" 427
"D:/Programmierung/Unreal/CardboardVR/MegaBall/Intermediate/CachedAssetRegistry.bin" 428
"D:/Programmierung/Unreal/CardboardVR/MegaBall/Content/Charakter/CharacterAnimBP.uasset" 429
"D:/Programmierung/Unreal/CardboardVR/MegaBall/Content/Charakter/MyCharakter.uasset" 430
"D:/Programmierung/Unreal/CardboardVR/MegaBall/Content/Charakter/Animations/PunchingMontage.uasset" 431
"D:/Programmierung/Unreal/CardboardVR/MegaBall/Content/Levels/BallFight.umap" 432
"../../../Engine/Content/MobileResources/HUD/VirtualJoystick_Thumb.uasset" 433
"../../../Engine/Content/MobileResources/HUD/VirtualJoystick_Background.uasset" 434
"../../../Engine/Content/MobileResources/HUD/T_Castle_ThumbstickOutter.uasset" 435
"../../../Engine/Content/MobileResources/HUD/T_Castle_ThumbstickInner.uasset" 436
"../../../Engine/Content/MobileResources/HUD/MobileHUDDirectionStick.uasset" 437
"../../../Engine/Content/MobileResources/HUD/MobileHUDDirectionPad3.uasset" 438
"../../../Engine/Content/MobileResources/HUD/MobileHUDDirectionPad2.uasset" 439
"../../../Engine/Content/MobileResources/HUD/MobileHUDDirectionPad.uasset" 440
"../../../Engine/Content/MobileResources/HUD/MobileHUDButtonFire.uasset" 441
"../../../Engine/Content/MobileResources/HUD/MobileHUDButton3.uasset" 442
"../../../Engine/Content/MobileResources/HUD/MobileHUDButton2_on.uasset" 443
"../../../Engine/Content/MobileResources/HUD/MobileHUDButton2_off.uasset" 444
"../../../Engine/Content/MobileResources/HUD/MobileHUDButton1_on.uasset" 445
"../../../Engine/Content/MobileResources/HUD/MobileHUDButton1_off.uasset" 446
"../../../Engine/Content/MobileResources/HUD/LeftVirtualJoystickOnly.uasset" 447
"../../../Engine/Content/MobileResources/HUD/DefaultVirtualJoysticks.uasset" 448
"../../../Engine/Content/MobileResources/HUD/AnalogHat.uasset" 449
"../../../Engine/Content/MobileResources/T_MobileMenu2.uasset" 450
"../../../Engine/Content/MobileResources/T_MobileControls_texture.uasset" 451
"../../../Engine/Content/Maps/Entry.umap" 452
"../../../Engine/Content/EngineMaterials/DefaultNormal.uasset" 453
"../../../Engine/Content/EngineSky/BP_Sky_Sphere.uasset" 454
"../../../Engine/Content/EditorBlueprintResources/StandardMacros.uasset" 455
"../../../Engine/Content/EngineSky/C_Sky_Cloud_Color.uasset" 456
"../../../Engine/Content/EngineSky/C_Sky_Horizon_Color.uasset" 457
"../../../Engine/Content/EngineSky/C_Sky_Zenith_Color.uasset" 458
"../../../Engine/Content/EngineSky/M_Sky_Panning_Clouds2.uasset" 459
"../../../Engine/Content/EngineSky/T_Sky_Blue.uasset" 460
"../../../Engine/Content/EngineSky/T_Sky_Clouds_M.uasset" 461
"../../../Engine/Content/EngineSky/T_Sky_Stars.uasset" 462
"../../../Engine/Content/EngineSky/SM_SkySphere.uasset" 463
"D:/Programmierung/Unreal/CardboardVR/MegaBall/Content/Blueprints/BP_Banner_BlueTeam.uasset" 464
"D:/Programmierung/Unreal/CardboardVR/MegaBall/Content/Materials/M_BlueTeam.uasset" 465
"../../../Engine/Content/BasicShapes/Cube.uasset" 466
"D:/Programmierung/Unreal/CardboardVR/MegaBall/Content/Blueprints/BP_Banner_RedTeam.uasset" 467
"D:/Programmierung/Unreal/CardboardVR/MegaBall/Content/Materials/M_RedTeam.uasset" 468
"D:/Programmierung/Unreal/CardboardVR/MegaBall/Content/Blueprints/BP_ConorLight.uasset" 469
"../../../Engine/Content/BasicShapes/Cone.uasset" 470
"../../../Engine/Content/EngineMeshes/Cube.uasset" 471
"D:/Programmierung/Unreal/CardboardVR/MegaBall/Content/Blueprints/BP_Goal_BlueTeam.uasset" 472
"D:/Programmierung/Unreal/CardboardVR/MegaBall/Content/Blueprints/BP_Goal_RedTeam.uasset" 473
"D:/Programmierung/Unreal/CardboardVR/MegaBall/Content/Blueprints/BP_PowerUp_Energy.uasset" 474
"D:/Programmierung/Unreal/CardboardVR/MegaBall/Content/Charakter/Animations/MontageExample_End_1.uasset" 475
"D:/Programmierung/Unreal/CardboardVR/MegaBall/Content/Charakter/HeroTPP_Skeleton.uasset" 476
"D:/Programmierung/Unreal/CardboardVR/MegaBall/Content/Charakter/Animations/MontageExample_End_2.uasset" 477
"D:/Programmierung/Unreal/CardboardVR/MegaBall/Content/Charakter/Animations/MontageExample_Punch_1.uasset" 478
"D:/Programmierung/Unreal/CardboardVR/MegaBall/Content/Charakter/Animations/MontageExample_Punch_2.uasset" 479
"D:/Programmierung/Unreal/CardboardVR/MegaBall/Content/Charakter/Animations/MontageExample_Start.uasset" 480
"D:/Programmierung/Unreal/CardboardVR/MegaBall/Content/Charakter/Animations/Jump_End.uasset" 481
"D:/Programmierung/Unreal/CardboardVR/MegaBall/Content/Charakter/Animations/Jump_Loop.uasset" 482
"D:/Programmierung/Unreal/CardboardVR/MegaBall/Content/Charakter/Animations/Jump_Start.uasset" 483
"D:/Programmierung/Unreal/CardboardVR/MegaBall/Content/Charakter/Animations/Idle_Walk_Run.uasset" 484
"D:/Programmierung/Unreal/CardboardVR/MegaBall/Content/Charakter/Animations/Idle.uasset" 485
"D:/Programmierung/Unreal/CardboardVR/MegaBall/Content/Charakter/Animations/Run.uasset" 486
"../../../Engine/Content/EngineAnimNotifies/AnimNotify_PlayParticleEffect.uasset" 487
"D:/Programmierung/Unreal/CardboardVR/MegaBall/Content/Charakter/Animations/Walk.uasset" 488
"D:/Programmierung/Unreal/CardboardVR/MegaBall/Content/Charakter/Animations/Walk_Backward.uasset" 489
"D:/Programmierung/Unreal/CardboardVR/MegaBall/Content/UMG/GameHUD.uasset" 490
"D:/Programmierung/Unreal/CardboardVR/MegaBall/Content/Charakter/HeroTPP.uasset" 491
"D:/Programmierung/Unreal/CardboardVR/MegaBall/Content/Charakter/Charakter_Parent.uasset" 492
"D:/Programmierung/Unreal/CardboardVR/MegaBall/Content/Materials/M_PowerUpEnergy.uasset" 493
"D:/Programmierung/Unreal/CardboardVR/MegaBall/Content/Materials/M_PowerUpLife.uasset" 494
"D:/Programmierung/Unreal/CardboardVR/MegaBall/Content/Blueprints/BP_PowerUp_Life.uasset" 495
"D:/Programmierung/Unreal/CardboardVR/MegaBall/Content/Charakter/MyGame.uasset" 496
"D:/Programmierung/Unreal/CardboardVR/MegaBall/Content/Materials/M_Basic_Gras.uasset" 497
"D:/Programmierung/Unreal/CardboardVR/MegaBall/Content/Materials/M_BouncingBall.uasset" 498
"D:/Programmierung/Unreal/CardboardVR/MegaBall/Content/PhysicalMaterial/PM_BouncingBall.uasset" 499
"D:/Programmierung/Unreal/CardboardVR/MegaBall/Content/Materials/M_Dark_Gras.uasset" 500
"D:/Programmierung/Unreal/CardboardVR/MegaBall/Content/Materials/M_Lines.uasset" 501
"D:/Programmierung/Unreal/CardboardVR/MegaBall/Content/Materials/M_Wall.uasset" 502
"../../../Engine/Content/BasicShapes/Cylinder.uasset" 503
"../../../Engine/Content/BasicShapes/Sphere.uasset" 504
"C:/Users/makloster/AppData/Local/UnrealEngine/Common/DerivedDataCache/2/1/4/MATSM_85DD00DAF10D45C79D4ED0306AF2628B_GLSL_ES2_2061__BC5N_DEV_SL_NODBUF3017E7__E770FAE8E9BFBC167B003711FE9BE15ABC6DAFB3.udd" 505
"C:/Users/makloster/AppData/Local/UnrealEngine/Common/DerivedDataCache/8/0/9/MATSM_85DD00DAF10D45C79D4ED0306AF2628B_GLSL_ES2_2061__BC5N_DEV_SL_NODBUF6B00D5__C4ECDCAC4BD38E8C6B7BC2B004C190F89454906D.udd" 506
"C:/Users/makloster/AppData/Local/UnrealEngine/Common/DerivedDataCache/4/4/9/MATSM_85DD00DAF10D45C79D4ED0306AF2628B_GLSL_ES2_2061__BC5N_DEV_SL_NODBUF56293C__6855ADFE6CB00D733767DDCB0F899D3C93B4B497.udd" 507
"C:/Users/makloster/AppData/Local/UnrealEngine/Common/DerivedDataCache/2/6/7/MATSM_85DD00DAF10D45C79D4ED0306AF2628B_GLSL_ES2_2061__BC5N_DEV_SL_NODBUF4BADA4__972002A72B92DB8663CA840EE33A0D38F3336989.udd" 508
"C:/Users/makloster/AppData/Local/UnrealEngine/Common/DerivedDataCache/4/6/9/MATSM_85DD00DAF10D45C79D4ED0306AF2628B_GLSL_ES2_2061__BC5N_DEV_SL_NODBUFA6E49D__692D3BEA940921656DBB1F0C447218DD82C14A24.udd" 509
"C:/Users/makloster/AppData/Local/UnrealEngine/Common/DerivedDataCache/3/7/0/MATSM_85DD00DAF10D45C79D4ED0306AF2628B_GLSL_ES2_2061__BC5N_DEV_SL_NODBUF05AE21__B208EBD0BEAE746F0C25F93910902658EBCFFE6A.udd" 510
"C:/Users/makloster/AppData/Local/UnrealEngine/Common/DerivedDataCache/4/3/6/MATSM_85DD00DAF10D45C79D4ED0306AF2628B_GLSL_ES2_2061__BC5N_DEV_SL_NODBUFD20E8A__B28AD39A8A34DB5BD5CFB97CE1D2764F059F412D.udd" 511
"C:/Users/makloster/AppData/Local/UnrealEngine/Common/DerivedDataCache/8/1/1/PHYSX_$7B1F0627AE$2DABEB$2D4206$2D8D78$2DE16BEB5DDC7E$7D_PHYSXPC_E625012A4CA86EE83491A5BD4EA4D339__1_0_13075_0.udd" 512
"C:/Users/makloster/AppData/Local/UnrealEngine/Common/DerivedDataCache/7/9/7/MATSM_85DD00DAF10D45C79D4ED0306AF2628B_GLSL_ES2_2061__BC5N_DEV_SL_NODBUF157E5D__EF688ABD554E2466718F3223D03E146D455FC3E0.udd" 513
"C:/Users/makloster/AppData/Local/UnrealEngine/Common/DerivedDataCache/3/4/5/MATSM_85DD00DAF10D45C79D4ED0306AF2628B_GLSL_ES2_2061__BC5N_DEV_SL_NODBUFB30EEE__0FBC177805C1551DFA3762389C7D28DB574CFFE0.udd" 514
"C:/Users/makloster/AppData/Local/UnrealEngine/Common/DerivedDataCache/1/8/8/PHYSX_$7B1F0627AE$2DABEB$2D4206$2D8D78$2DE16BEB5DDC7E$7D_PHYSXPC_9B102BE8427BCFBD91323CAE8B648187__1_0_13075_0.udd" 515
"C:/Users/makloster/AppData/Local/UnrealEngine/Common/DerivedDataCache/3/9/2/PHYSX_$7B1F0627AE$2DABEB$2D4206$2D8D78$2DE16BEB5DDC7E$7D_PHYSXPC_802F969B465B7D7AF7E4639F9482FD12__1_0_13075_0.udd" 516
"C:/Users/makloster/AppData/Local/UnrealEngine/Common/DerivedDataCache/5/9/1/PHYSX_$7B1F0627AE$2DABEB$2D4206$2D8D78$2DE16BEB5DDC7E$7D_PHYSXPC_EA5E5BB545C23017EA884B8A420E4FF4__1_0_13075_0.udd" 517
"C:/Users/makloster/AppData/Local/UnrealEngine/Common/DerivedDataCache/4/5/3/PHYSX_$7B1F0627AE$2DABEB$2D4206$2D8D78$2DE16BEB5DDC7E$7D_PHYSXPC_3333A59D4DC6DE04EA300A815ED6DB62__1_0_13075_0.udd" 518
"C:/Users/makloster/AppData/Local/UnrealEngine/Common/DerivedDataCache/8/0/2/PHYSX_$7B1F0627AE$2DABEB$2D4206$2D8D78$2DE16BEB5DDC7E$7D_PHYSXPC_19EBB3F5472329491772069A5CB8FD89__1_0_13075_0.udd" 519
"C:/Users/makloster/AppData/Local/UnrealEngine/Common/DerivedDataCache/9/3/1/PHYSX_$7B1F0627AE$2DABEB$2D4206$2D8D78$2DE16BEB5DDC7E$7D_PHYSXPC_BAB3706C44DE9975DECBF59196E46479__1_0_13075_0.udd" 520
"C:/Users/makloster/AppData/Local/UnrealEngine/Common/DerivedDataCache/6/1/9/PHYSX_$7B1F0627AE$2DABEB$2D4206$2D8D78$2DE16BEB5DDC7E$7D_PHYSXPC_33FBD99A45477C1DC10B949105600DDB__1_0_13075_0.udd" 521
"C:/Users/makloster/AppData/Local/UnrealEngine/Common/DerivedDataCache/2/5/2/PHYSX_$7B1F0627AE$2DABEB$2D4206$2D8D78$2DE16BEB5DDC7E$7D_PHYSXPC_9C2315A94B7683D372B31AABAA8E978B__1_0_13075_0.udd" 522
"C:/Users/makloster/AppData/Local/UnrealEngine/Common/DerivedDataCache/9/4/0/PHYSX_$7B1F0627AE$2DABEB$2D4206$2D8D78$2DE16BEB5DDC7E$7D_PHYSXPC_5D4DA9DC45942FB5F1EC47B8DC0AB320__1_0_13075_0.udd" 523
"C:/Users/makloster/AppData/Local/UnrealEngine/Common/DerivedDataCache/7/9/5/REFL_ENC_96DFC022836B48889143E9DF484C3296_F4486D0C45A92BB352C7A39A8FAA4701.udd" 524
"../../../Engine/Content/EditorResources/EmptyActor.uasset" 525
"C:/Users/makloster/AppData/Local/UnrealEngine/Common/DerivedDataCache/9/0/9/TEXTURE_75F87CE100B546AAB8A1C4132AF9DB17_BGRA8_74A05C374CC937727518988826C0756__A7AE53A97FA568703895C3C45ECE81D041851904.udd" 526
"C:/Users/makloster/AppData/Local/UnrealEngine/Common/DerivedDataCache/2/2/6/TEXTURE_75F87CE100B546AAB8A1C4132AF9DB17_BGRA8_74A05C374CC937727518988826C0756__D3E8A42037D7446948A81E9B4B003A7A1EBC23B6.udd" 527
"C:/Users/makloster/AppData/Local/UnrealEngine/Common/DerivedDataCache/5/8/1/TEXTURE_75F87CE100B546AAB8A1C4132AF9DB17_BGRA8_74A05C374CC937727518988826C0756__C67CF9466E3AEFEF501CD5AB630CCDC571508B22.udd" 528
"C:/Users/makloster/AppData/Local/UnrealEngine/Common/DerivedDataCache/4/6/5/TEXTURE_75F87CE100B546AAB8A1C4132AF9DB17_BGRA8_74A05C374CC937727518988826C0756__80AAE41B0DC6F523228678166E2E4817CDC62604.udd" 529
"C:/Users/makloster/AppData/Local/UnrealEngine/Common/DerivedDataCache/3/8/9/TEXTURE_75F87CE100B546AAB8A1C4132AF9DB17_BGRA8_74A05C374CC937727518988826C0756__340E86E2D991D912AF64A770B97767CCB3C4B678.udd" 530
"C:/Users/makloster/AppData/Local/UnrealEngine/Common/DerivedDataCache/4/4/6/TEXTURE_75F87CE100B546AAB8A1C4132AF9DB17_BGRA8_8F76E9554E8E9E374247C298DEF2ED8__F64A423E0A866BD2A104122D2A46DF6E5A65FE40.udd" 531
"C:/Users/makloster/AppData/Local/UnrealEngine/Common/DerivedDataCache/5/0/7/TEXTURE_75F87CE100B546AAB8A1C4132AF9DB17_BGRA8_8F76E9554E8E9E374247C298DEF2ED8__C83F80028F0162C3B5276D4FA10F707DD88EFFF1.udd" 532
"C:/Users/makloster/AppData/Local/UnrealEngine/Common/DerivedDataCache/4/7/4/TEXTURE_75F87CE100B546AAB8A1C4132AF9DB17_BGRA8_8F76E9554E8E9E374247C298DEF2ED8__96C170576D1E610DE19C2D86E28F41E2916662D3.udd" 533
"C:/Users/makloster/AppData/Local/UnrealEngine/Common/DerivedDataCache/9/7/5/TEXTURE_75F87CE100B546AAB8A1C4132AF9DB17_BGRA8_EA6CC83544FA3139BD2C17BDB7A4790__5CA49A236C58C2983E311DC8EFE461F139D90037.udd" 534
"D:/Programmierung/Unreal/CardboardVR/MegaBall/Content/UMG/NewWidgetBlueprint.uasset" 535
"D:/Programmierung/Unreal/CardboardVR/MegaBall/Content/Materials/M_Glass.uasset" 536
"C:/Users/makloster/AppData/Local/UnrealEngine/Common/DerivedDataCache/1/2/4/MATSM_85DD00DAF10D45C79D4ED0306AF2628B_GLSL_ES2_2061__BC5N_DEV_SL_NODBUF851038__3ACC0457C11F5BE9B43D29A1A5E62ECBED269185.udd" 537
"D:/Programmierung/Unreal/CardboardVR/MegaBall/Content/Charakter/NewMaterial.uasset" 538
"D:/Programmierung/Unreal/CardboardVR/MegaBall/Content/Charakter/M_Template_Master.uasset" 539
"C:/Users/makloster/AppData/Local/UnrealEngine/Common/DerivedDataCache/0/6/4/MATSM_85DD00DAF10D45C79D4ED0306AF2628B_GLSL_ES2_2061__BC5N_DEV_SL_NODBUF22DA70__0E34F81ED91D486D6FFE5B0F1DE52E65C9CA3546.udd" 540
"D:/Programmierung/Unreal/CardboardVR/MegaBall/Content/Charakter/Charakter_Parent_Inst.uasset" 541
"D:/Programmierung/Unreal/CardboardVR/MegaBall/Content/Charakter/Charakter_Inst.uasset" 542
"D:/Programmierung/Unreal/CardboardVR/MegaBall/Content/Blueprints/Banner_BlueTeam.uasset" 543
"D:/Programmierung/Unreal/CardboardVR/MegaBall/Content/Blueprints/Banner.uasset" 544
